2022-11-24 12:01:34,137 DEBUG scheduler Queued events for site dcode13.com
2022-11-24 12:02:34,458 DEBUG scheduler Queued events for site dcode13.com
2022-11-24 12:03:34,768 DEBUG scheduler Queued events for site dcode13.com
2022-11-24 12:04:35,075 INFO scheduler Scheduled Job Start: erpnext.crm.doctype.social_media_post.social_media_post.process_scheduled_social_media_posts for dcode13.com
2022-11-24 12:04:35,153 DEBUG scheduler Queued events for site dcode13.com
2022-11-24 12:04:35,461 INFO scheduler Scheduled Job Complete: erpnext.crm.doctype.social_media_post.social_media_post.process_scheduled_social_media_posts for dcode13.com
2022-11-24 12:04:35,537 INFO scheduler Scheduled Job Start: erpnext.hr.doctype.interview.interview.send_interview_reminder for dcode13.com
2022-11-24 12:04:35,867 INFO scheduler Scheduled Job Complete: erpnext.hr.doctype.interview.interview.send_interview_reminder for dcode13.com
2022-11-24 12:04:35,942 INFO scheduler Scheduled Job Start: erpnext.healthcare.doctype.patient_appointment.patient_appointment.send_appointment_reminder for dcode13.com
2022-11-24 12:04:36,198 INFO scheduler Scheduled Job Complete: erpnext.healthcare.doctype.patient_appointment.patient_appointment.send_appointment_reminder for dcode13.com
2022-11-24 12:04:36,273 INFO scheduler Scheduled Job Start: erpnext.projects.doctype.project.project.project_status_update_reminder for dcode13.com
2022-11-24 12:04:36,613 INFO scheduler Scheduled Job Complete: erpnext.projects.doctype.project.project.project_status_update_reminder for dcode13.com
2022-11-24 12:04:36,698 INFO scheduler Scheduled Job Start: frappe.monitor.flush for dcode13.com
2022-11-24 12:04:36,939 INFO scheduler Scheduled Job Complete: frappe.monitor.flush for dcode13.com
2022-11-24 12:04:37,041 INFO scheduler Scheduled Job Start: frappe.utils.global_search.sync_global_search for dcode13.com
2022-11-24 12:04:37,304 INFO scheduler Scheduled Job Complete: frappe.utils.global_search.sync_global_search for dcode13.com
2022-11-24 12:04:37,385 INFO scheduler Scheduled Job Start: frappe.integrations.doctype.razorpay_settings.razorpay_settings.capture_payment for dcode13.com
2022-11-24 12:04:37,754 INFO scheduler Scheduled Job Complete: frappe.integrations.doctype.razorpay_settings.razorpay_settings.capture_payment for dcode13.com
2022-11-24 12:04:37,831 INFO scheduler Scheduled Job Start: frappe.email.doctype.email_account.email_account.notify_unreplied for dcode13.com
2022-11-24 12:04:38,154 INFO scheduler Scheduled Job Complete: frappe.email.doctype.email_account.email_account.notify_unreplied for dcode13.com
2022-11-24 12:04:38,229 INFO scheduler Scheduled Job Start: frappe.email.doctype.email_account.email_account.pull for dcode13.com
2022-11-24 12:04:38,546 INFO scheduler Scheduled Job Complete: frappe.email.doctype.email_account.email_account.pull for dcode13.com
2022-11-24 12:04:38,626 INFO scheduler Scheduled Job Start: frappe.email.queue.flush for dcode13.com
2022-11-24 12:04:38,845 INFO scheduler Scheduled Job Complete: frappe.email.queue.flush for dcode13.com
2022-11-24 12:05:35,482 INFO scheduler Scheduled Job Start: erpnext.manufacturing.doctype.bom_update_log.bom_update_log.resume_bom_cost_update_jobs for dcode13.com
2022-11-24 12:05:35,506 DEBUG scheduler Queued events for site dcode13.com
2022-11-24 12:05:35,861 INFO scheduler Scheduled Job Complete: erpnext.manufacturing.doctype.bom_update_log.bom_update_log.resume_bom_cost_update_jobs for dcode13.com
2022-11-24 12:06:35,839 DEBUG scheduler Queued events for site dcode13.com
2022-11-24 12:07:36,201 DEBUG scheduler Queued events for site dcode13.com
2022-11-24 12:08:36,561 INFO scheduler Scheduled Job Start: erpnext.crm.doctype.social_media_post.social_media_post.process_scheduled_social_media_posts for dcode13.com
2022-11-24 12:08:36,654 DEBUG scheduler Queued events for site dcode13.com
2022-11-24 12:08:36,932 INFO scheduler Scheduled Job Complete: erpnext.crm.doctype.social_media_post.social_media_post.process_scheduled_social_media_posts for dcode13.com
2022-11-24 12:08:37,027 INFO scheduler Scheduled Job Start: erpnext.hr.doctype.interview.interview.send_interview_reminder for dcode13.com
2022-11-24 12:08:37,386 INFO scheduler Scheduled Job Complete: erpnext.hr.doctype.interview.interview.send_interview_reminder for dcode13.com
2022-11-24 12:08:37,473 INFO scheduler Scheduled Job Start: erpnext.healthcare.doctype.patient_appointment.patient_appointment.send_appointment_reminder for dcode13.com
2022-11-24 12:08:37,750 INFO scheduler Scheduled Job Complete: erpnext.healthcare.doctype.patient_appointment.patient_appointment.send_appointment_reminder for dcode13.com
2022-11-24 12:08:37,827 INFO scheduler Scheduled Job Start: erpnext.projects.doctype.project.project.project_status_update_reminder for dcode13.com
2022-11-24 12:08:38,519 INFO scheduler Scheduled Job Complete: erpnext.projects.doctype.project.project.project_status_update_reminder for dcode13.com
2022-11-24 12:08:38,619 INFO scheduler Scheduled Job Start: frappe.monitor.flush for dcode13.com
2022-11-24 12:08:38,889 INFO scheduler Scheduled Job Complete: frappe.monitor.flush for dcode13.com
2022-11-24 12:08:38,994 INFO scheduler Scheduled Job Start: frappe.utils.global_search.sync_global_search for dcode13.com
2022-11-24 12:08:39,255 INFO scheduler Scheduled Job Complete: frappe.utils.global_search.sync_global_search for dcode13.com
2022-11-24 12:08:39,382 INFO scheduler Scheduled Job Start: frappe.integrations.doctype.razorpay_settings.razorpay_settings.capture_payment for dcode13.com
2022-11-24 12:08:39,758 INFO scheduler Scheduled Job Complete: frappe.integrations.doctype.razorpay_settings.razorpay_settings.capture_payment for dcode13.com
2022-11-24 12:08:39,835 INFO scheduler Scheduled Job Start: frappe.email.doctype.email_account.email_account.notify_unreplied for dcode13.com
2022-11-24 12:08:40,146 INFO scheduler Scheduled Job Complete: frappe.email.doctype.email_account.email_account.notify_unreplied for dcode13.com
2022-11-24 12:08:40,225 INFO scheduler Scheduled Job Start: frappe.email.doctype.email_account.email_account.pull for dcode13.com
2022-11-24 12:08:40,599 INFO scheduler Scheduled Job Complete: frappe.email.doctype.email_account.email_account.pull for dcode13.com
2022-11-24 12:08:40,694 INFO scheduler Scheduled Job Start: frappe.email.queue.flush for dcode13.com
2022-11-24 12:08:40,965 INFO scheduler Scheduled Job Complete: frappe.email.queue.flush for dcode13.com
2022-11-24 12:09:37,070 DEBUG scheduler Queued events for site dcode13.com
2022-11-24 12:10:37,389 INFO scheduler Scheduled Job Start: erpnext.manufacturing.doctype.bom_update_log.bom_update_log.resume_bom_cost_update_jobs for dcode13.com
2022-11-24 12:10:37,397 DEBUG scheduler Queued events for site dcode13.com
2022-11-24 12:10:37,763 INFO scheduler Scheduled Job Complete: erpnext.manufacturing.doctype.bom_update_log.bom_update_log.resume_bom_cost_update_jobs for dcode13.com
2022-11-24 12:11:37,741 DEBUG scheduler Queued events for site dcode13.com
2022-11-24 12:12:38,091 DEBUG scheduler Queued events for site dcode13.com
2022-11-24 12:12:38,132 INFO scheduler Scheduled Job Start: erpnext.crm.doctype.social_media_post.social_media_post.process_scheduled_social_media_posts for dcode13.com
2022-11-24 12:12:38,500 INFO scheduler Scheduled Job Complete: erpnext.crm.doctype.social_media_post.social_media_post.process_scheduled_social_media_posts for dcode13.com
2022-11-24 12:12:38,597 INFO scheduler Scheduled Job Start: erpnext.hr.doctype.interview.interview.send_interview_reminder for dcode13.com
2022-11-24 12:12:38,867 INFO scheduler Scheduled Job Complete: erpnext.hr.doctype.interview.interview.send_interview_reminder for dcode13.com
2022-11-24 12:12:38,961 INFO scheduler Scheduled Job Start: erpnext.healthcare.doctype.patient_appointment.patient_appointment.send_appointment_reminder for dcode13.com
2022-11-24 12:12:39,241 INFO scheduler Scheduled Job Complete: erpnext.healthcare.doctype.patient_appointment.patient_appointment.send_appointment_reminder for dcode13.com
2022-11-24 12:12:39,335 INFO scheduler Scheduled Job Start: erpnext.projects.doctype.project.project.project_status_update_reminder for dcode13.com
2022-11-24 12:12:39,849 INFO scheduler Scheduled Job Complete: erpnext.projects.doctype.project.project.project_status_update_reminder for dcode13.com
2022-11-24 12:12:39,926 INFO scheduler Scheduled Job Start: frappe.monitor.flush for dcode13.com
2022-11-24 12:12:40,166 INFO scheduler Scheduled Job Complete: frappe.monitor.flush for dcode13.com
2022-11-24 12:12:40,252 INFO scheduler Scheduled Job Start: frappe.utils.global_search.sync_global_search for dcode13.com
2022-11-24 12:12:40,476 INFO scheduler Scheduled Job Complete: frappe.utils.global_search.sync_global_search for dcode13.com
2022-11-24 12:12:40,553 INFO scheduler Scheduled Job Start: frappe.integrations.doctype.razorpay_settings.razorpay_settings.capture_payment for dcode13.com
2022-11-24 12:12:40,929 INFO scheduler Scheduled Job Complete: frappe.integrations.doctype.razorpay_settings.razorpay_settings.capture_payment for dcode13.com
2022-11-24 12:12:41,006 INFO scheduler Scheduled Job Start: frappe.email.doctype.email_account.email_account.notify_unreplied for dcode13.com
2022-11-24 12:12:41,396 INFO scheduler Scheduled Job Complete: frappe.email.doctype.email_account.email_account.notify_unreplied for dcode13.com
2022-11-24 12:12:41,514 INFO scheduler Scheduled Job Start: frappe.email.doctype.email_account.email_account.pull for dcode13.com
2022-11-24 12:12:41,846 INFO scheduler Scheduled Job Complete: frappe.email.doctype.email_account.email_account.pull for dcode13.com
2022-11-24 12:12:41,946 INFO scheduler Scheduled Job Start: frappe.email.queue.flush for dcode13.com
2022-11-24 12:12:42,269 INFO scheduler Scheduled Job Complete: frappe.email.queue.flush for dcode13.com
2022-11-24 12:13:38,469 DEBUG scheduler Queued events for site dcode13.com
2022-11-24 12:14:38,839 DEBUG scheduler Queued events for site dcode13.com
2022-11-24 12:15:39,174 DEBUG scheduler Queued events for site dcode13.com
2022-11-24 12:15:39,659 INFO scheduler Scheduled Job Start: erpnext.manufacturing.doctype.bom_update_log.bom_update_log.resume_bom_cost_update_jobs for dcode13.com
2022-11-24 12:15:40,372 INFO scheduler Scheduled Job Complete: erpnext.manufacturing.doctype.bom_update_log.bom_update_log.resume_bom_cost_update_jobs for dcode13.com
2022-11-24 12:15:40,502 INFO scheduler Scheduled Job Start: frappe.twofactor.delete_all_barcodes_for_users for dcode13.com
2022-11-24 12:15:40,919 INFO scheduler Scheduled Job Complete: frappe.twofactor.delete_all_barcodes_for_users for dcode13.com
2022-11-24 12:15:41,004 INFO scheduler Scheduled Job Start: frappe.website.doctype.web_page.web_page.check_publish_status for dcode13.com
2022-11-24 12:15:41,528 INFO scheduler Scheduled Job Complete: frappe.website.doctype.web_page.web_page.check_publish_status for dcode13.com
2022-11-24 12:15:41,631 INFO scheduler Scheduled Job Start: frappe.oauth.delete_oauth2_data for dcode13.com
2022-11-24 12:15:42,023 INFO scheduler Scheduled Job Complete: frappe.oauth.delete_oauth2_data for dcode13.com
2022-11-24 12:16:39,526 DEBUG scheduler Queued events for site dcode13.com
2022-11-24 12:16:39,546 INFO scheduler Scheduled Job Start: erpnext.crm.doctype.social_media_post.social_media_post.process_scheduled_social_media_posts for dcode13.com
2022-11-24 12:16:39,861 INFO scheduler Scheduled Job Complete: erpnext.crm.doctype.social_media_post.social_media_post.process_scheduled_social_media_posts for dcode13.com
2022-11-24 12:16:39,938 INFO scheduler Scheduled Job Start: erpnext.hr.doctype.interview.interview.send_interview_reminder for dcode13.com
2022-11-24 12:16:40,185 INFO scheduler Scheduled Job Complete: erpnext.hr.doctype.interview.interview.send_interview_reminder for dcode13.com
2022-11-24 12:16:40,267 INFO scheduler Scheduled Job Start: erpnext.healthcare.doctype.patient_appointment.patient_appointment.send_appointment_reminder for dcode13.com
2022-11-24 12:16:40,552 INFO scheduler Scheduled Job Complete: erpnext.healthcare.doctype.patient_appointment.patient_appointment.send_appointment_reminder for dcode13.com
2022-11-24 12:16:40,643 INFO scheduler Scheduled Job Start: erpnext.projects.doctype.project.project.project_status_update_reminder for dcode13.com
2022-11-24 12:16:41,016 INFO scheduler Scheduled Job Complete: erpnext.projects.doctype.project.project.project_status_update_reminder for dcode13.com
2022-11-24 12:16:41,100 INFO scheduler Scheduled Job Start: frappe.monitor.flush for dcode13.com
2022-11-24 12:16:41,336 INFO scheduler Scheduled Job Complete: frappe.monitor.flush for dcode13.com
2022-11-24 12:16:41,447 INFO scheduler Scheduled Job Start: frappe.utils.global_search.sync_global_search for dcode13.com
2022-11-24 12:16:41,691 INFO scheduler Scheduled Job Complete: frappe.utils.global_search.sync_global_search for dcode13.com
2022-11-24 12:16:41,805 INFO scheduler Scheduled Job Start: frappe.integrations.doctype.razorpay_settings.razorpay_settings.capture_payment for dcode13.com
2022-11-24 12:16:42,136 INFO scheduler Scheduled Job Complete: frappe.integrations.doctype.razorpay_settings.razorpay_settings.capture_payment for dcode13.com
2022-11-24 12:16:42,213 INFO scheduler Scheduled Job Start: frappe.email.doctype.email_account.email_account.notify_unreplied for dcode13.com
2022-11-24 12:16:42,557 INFO scheduler Scheduled Job Complete: frappe.email.doctype.email_account.email_account.notify_unreplied for dcode13.com
2022-11-24 12:16:42,634 INFO scheduler Scheduled Job Start: frappe.email.doctype.email_account.email_account.pull for dcode13.com
2022-11-24 12:16:43,017 INFO scheduler Scheduled Job Complete: frappe.email.doctype.email_account.email_account.pull for dcode13.com
2022-11-24 12:16:43,099 INFO scheduler Scheduled Job Start: frappe.email.queue.flush for dcode13.com
2022-11-24 12:16:43,336 INFO scheduler Scheduled Job Complete: frappe.email.queue.flush for dcode13.com
2022-11-24 12:17:39,917 DEBUG scheduler Queued events for site dcode13.com
2022-11-24 12:18:40,251 DEBUG scheduler Queued events for site dcode13.com
2022-11-24 12:19:40,575 DEBUG scheduler Queued events for site dcode13.com
2022-11-24 12:20:40,926 INFO scheduler Scheduled Job Start: erpnext.crm.doctype.social_media_post.social_media_post.process_scheduled_social_media_posts for dcode13.com
2022-11-24 12:20:40,944 DEBUG scheduler Queued events for site dcode13.com
2022-11-24 12:20:41,267 INFO scheduler Scheduled Job Complete: erpnext.crm.doctype.social_media_post.social_media_post.process_scheduled_social_media_posts for dcode13.com
2022-11-24 12:20:41,344 INFO scheduler Scheduled Job Start: erpnext.hr.doctype.interview.interview.send_interview_reminder for dcode13.com
2022-11-24 12:20:41,605 INFO scheduler Scheduled Job Complete: erpnext.hr.doctype.interview.interview.send_interview_reminder for dcode13.com
2022-11-24 12:20:41,682 INFO scheduler Scheduled Job Start: erpnext.healthcare.doctype.patient_appointment.patient_appointment.send_appointment_reminder for dcode13.com
2022-11-24 12:20:41,897 INFO scheduler Scheduled Job Complete: erpnext.healthcare.doctype.patient_appointment.patient_appointment.send_appointment_reminder for dcode13.com
2022-11-24 12:20:41,974 INFO scheduler Scheduled Job Start: erpnext.projects.doctype.project.project.project_status_update_reminder for dcode13.com
2022-11-24 12:20:42,280 INFO scheduler Scheduled Job Complete: erpnext.projects.doctype.project.project.project_status_update_reminder for dcode13.com
2022-11-24 12:20:42,356 INFO scheduler Scheduled Job Start: erpnext.manufacturing.doctype.bom_update_log.bom_update_log.resume_bom_cost_update_jobs for dcode13.com
2022-11-24 12:20:42,765 INFO scheduler Scheduled Job Complete: erpnext.manufacturing.doctype.bom_update_log.bom_update_log.resume_bom_cost_update_jobs for dcode13.com
2022-11-24 12:20:42,868 INFO scheduler Scheduled Job Start: frappe.monitor.flush for dcode13.com
2022-11-24 12:20:43,059 INFO scheduler Scheduled Job Complete: frappe.monitor.flush for dcode13.com
2022-11-24 12:20:43,140 INFO scheduler Scheduled Job Start: frappe.utils.global_search.sync_global_search for dcode13.com
2022-11-24 12:20:43,324 INFO scheduler Scheduled Job Complete: frappe.utils.global_search.sync_global_search for dcode13.com
2022-11-24 12:20:43,400 INFO scheduler Scheduled Job Start: frappe.integrations.doctype.razorpay_settings.razorpay_settings.capture_payment for dcode13.com
2022-11-24 12:20:43,891 INFO scheduler Scheduled Job Complete: frappe.integrations.doctype.razorpay_settings.razorpay_settings.capture_payment for dcode13.com
2022-11-24 12:20:43,967 INFO scheduler Scheduled Job Start: frappe.email.doctype.email_account.email_account.notify_unreplied for dcode13.com
2022-11-24 12:20:44,458 INFO scheduler Scheduled Job Complete: frappe.email.doctype.email_account.email_account.notify_unreplied for dcode13.com
2022-11-24 12:20:44,534 INFO scheduler Scheduled Job Start: frappe.email.doctype.email_account.email_account.pull for dcode13.com
2022-11-24 12:20:44,872 INFO scheduler Scheduled Job Complete: frappe.email.doctype.email_account.email_account.pull for dcode13.com
2022-11-24 12:20:44,947 INFO scheduler Scheduled Job Start: frappe.email.queue.flush for dcode13.com
2022-11-24 12:20:45,175 INFO scheduler Scheduled Job Complete: frappe.email.queue.flush for dcode13.com
2022-11-24 12:21:41,306 DEBUG scheduler Queued events for site dcode13.com
2022-11-24 12:22:41,610 DEBUG scheduler Queued events for site dcode13.com
2022-11-24 12:23:41,925 DEBUG scheduler Queued events for site dcode13.com
2022-11-24 12:24:42,220 INFO scheduler Scheduled Job Start: erpnext.crm.doctype.social_media_post.social_media_post.process_scheduled_social_media_posts for dcode13.com
2022-11-24 12:24:42,294 DEBUG scheduler Queued events for site dcode13.com
2022-11-24 12:24:42,513 INFO scheduler Scheduled Job Complete: erpnext.crm.doctype.social_media_post.social_media_post.process_scheduled_social_media_posts for dcode13.com
2022-11-24 12:24:42,590 INFO scheduler Scheduled Job Start: erpnext.hr.doctype.interview.interview.send_interview_reminder for dcode13.com
2022-11-24 12:24:42,877 INFO scheduler Scheduled Job Complete: erpnext.hr.doctype.interview.interview.send_interview_reminder for dcode13.com
2022-11-24 12:24:42,953 INFO scheduler Scheduled Job Start: erpnext.healthcare.doctype.patient_appointment.patient_appointment.send_appointment_reminder for dcode13.com
2022-11-24 12:24:43,236 INFO scheduler Scheduled Job Complete: erpnext.healthcare.doctype.patient_appointment.patient_appointment.send_appointment_reminder for dcode13.com
2022-11-24 12:24:43,312 INFO scheduler Scheduled Job Start: erpnext.projects.doctype.project.project.project_status_update_reminder for dcode13.com
2022-11-24 12:24:43,630 INFO scheduler Scheduled Job Complete: erpnext.projects.doctype.project.project.project_status_update_reminder for dcode13.com
2022-11-24 12:24:43,708 INFO scheduler Scheduled Job Start: frappe.monitor.flush for dcode13.com
2022-11-24 12:24:43,909 INFO scheduler Scheduled Job Complete: frappe.monitor.flush for dcode13.com
2022-11-24 12:24:44,001 INFO scheduler Scheduled Job Start: frappe.utils.global_search.sync_global_search for dcode13.com
2022-11-24 12:24:44,185 INFO scheduler Scheduled Job Complete: frappe.utils.global_search.sync_global_search for dcode13.com
2022-11-24 12:24:44,266 INFO scheduler Scheduled Job Start: frappe.integrations.doctype.razorpay_settings.razorpay_settings.capture_payment for dcode13.com
2022-11-24 12:24:44,591 INFO scheduler Scheduled Job Complete: frappe.integrations.doctype.razorpay_settings.razorpay_settings.capture_payment for dcode13.com
2022-11-24 12:24:44,676 INFO scheduler Scheduled Job Start: frappe.email.doctype.email_account.email_account.notify_unreplied for dcode13.com
2022-11-24 12:24:44,985 INFO scheduler Scheduled Job Complete: frappe.email.doctype.email_account.email_account.notify_unreplied for dcode13.com
2022-11-24 12:24:45,062 INFO scheduler Scheduled Job Start: frappe.email.doctype.email_account.email_account.pull for dcode13.com
2022-11-24 12:24:45,345 INFO scheduler Scheduled Job Complete: frappe.email.doctype.email_account.email_account.pull for dcode13.com
2022-11-24 12:24:45,424 INFO scheduler Scheduled Job Start: frappe.email.queue.flush for dcode13.com
2022-11-24 12:24:45,638 INFO scheduler Scheduled Job Complete: frappe.email.queue.flush for dcode13.com
2022-11-24 12:25:42,658 INFO scheduler Scheduled Job Start: erpnext.manufacturing.doctype.bom_update_log.bom_update_log.resume_bom_cost_update_jobs for dcode13.com
2022-11-24 12:25:42,700 DEBUG scheduler Queued events for site dcode13.com
2022-11-24 12:25:43,549 INFO scheduler Scheduled Job Complete: erpnext.manufacturing.doctype.bom_update_log.bom_update_log.resume_bom_cost_update_jobs for dcode13.com
2022-11-24 12:26:43,049 DEBUG scheduler Queued events for site dcode13.com
2022-11-24 12:27:43,314 DEBUG scheduler Queued events for site dcode13.com
2022-11-24 12:28:43,637 INFO scheduler Scheduled Job Start: erpnext.crm.doctype.social_media_post.social_media_post.process_scheduled_social_media_posts for dcode13.com
2022-11-24 12:28:43,721 DEBUG scheduler Queued events for site dcode13.com
2022-11-24 12:28:43,932 INFO scheduler Scheduled Job Complete: erpnext.crm.doctype.social_media_post.social_media_post.process_scheduled_social_media_posts for dcode13.com
2022-11-24 12:28:44,023 INFO scheduler Scheduled Job Start: erpnext.hr.doctype.interview.interview.send_interview_reminder for dcode13.com
2022-11-24 12:28:44,319 INFO scheduler Scheduled Job Complete: erpnext.hr.doctype.interview.interview.send_interview_reminder for dcode13.com
2022-11-24 12:28:44,409 INFO scheduler Scheduled Job Start: erpnext.healthcare.doctype.patient_appointment.patient_appointment.send_appointment_reminder for dcode13.com
2022-11-24 12:28:44,701 INFO scheduler Scheduled Job Complete: erpnext.healthcare.doctype.patient_appointment.patient_appointment.send_appointment_reminder for dcode13.com
2022-11-24 12:28:44,826 INFO scheduler Scheduled Job Start: erpnext.projects.doctype.project.project.project_status_update_reminder for dcode13.com
2022-11-24 12:28:45,312 INFO scheduler Scheduled Job Complete: erpnext.projects.doctype.project.project.project_status_update_reminder for dcode13.com
2022-11-24 12:28:45,430 INFO scheduler Scheduled Job Start: frappe.monitor.flush for dcode13.com
2022-11-24 12:28:45,754 INFO scheduler Scheduled Job Complete: frappe.monitor.flush for dcode13.com
2022-11-24 12:28:45,850 INFO scheduler Scheduled Job Start: frappe.utils.global_search.sync_global_search for dcode13.com
2022-11-24 12:28:46,108 INFO scheduler Scheduled Job Complete: frappe.utils.global_search.sync_global_search for dcode13.com
2022-11-24 12:28:46,201 INFO scheduler Scheduled Job Start: frappe.integrations.doctype.razorpay_settings.razorpay_settings.capture_payment for dcode13.com
2022-11-24 12:28:46,695 INFO scheduler Scheduled Job Complete: frappe.integrations.doctype.razorpay_settings.razorpay_settings.capture_payment for dcode13.com
2022-11-24 12:28:46,778 INFO scheduler Scheduled Job Start: frappe.email.doctype.email_account.email_account.notify_unreplied for dcode13.com
2022-11-24 12:28:47,059 INFO scheduler Scheduled Job Complete: frappe.email.doctype.email_account.email_account.notify_unreplied for dcode13.com
2022-11-24 12:28:47,138 INFO scheduler Scheduled Job Start: frappe.email.doctype.email_account.email_account.pull for dcode13.com
2022-11-24 12:28:47,457 INFO scheduler Scheduled Job Complete: frappe.email.doctype.email_account.email_account.pull for dcode13.com
2022-11-24 12:28:47,539 INFO scheduler Scheduled Job Start: frappe.email.queue.flush for dcode13.com
2022-11-24 12:28:47,800 INFO scheduler Scheduled Job Complete: frappe.email.queue.flush for dcode13.com
2022-11-24 12:29:44,041 DEBUG scheduler Queued events for site dcode13.com
2022-11-24 12:30:44,433 INFO scheduler Scheduled Job Start: erpnext.accounts.doctype.gl_entry.gl_entry.rename_gle_sle_docs for dcode13.com
2022-11-24 12:30:44,492 DEBUG scheduler Queued events for site dcode13.com
2022-11-24 12:30:45,181 INFO scheduler Scheduled Job Complete: erpnext.accounts.doctype.gl_entry.gl_entry.rename_gle_sle_docs for dcode13.com
2022-11-24 12:30:45,323 INFO scheduler Scheduled Job Start: erpnext.utilities.doctype.video.video.update_youtube_data for dcode13.com
2022-11-24 12:30:45,914 INFO scheduler Scheduled Job Complete: erpnext.utilities.doctype.video.video.update_youtube_data for dcode13.com
2022-11-24 12:30:46,044 INFO scheduler Scheduled Job Start: erpnext.manufacturing.doctype.bom_update_log.bom_update_log.resume_bom_cost_update_jobs for dcode13.com
2022-11-24 12:30:46,460 INFO scheduler Scheduled Job Complete: erpnext.manufacturing.doctype.bom_update_log.bom_update_log.resume_bom_cost_update_jobs for dcode13.com
2022-11-24 12:30:46,559 INFO scheduler Scheduled Job Start: frappe.twofactor.delete_all_barcodes_for_users for dcode13.com
2022-11-24 12:30:47,012 INFO scheduler Scheduled Job Complete: frappe.twofactor.delete_all_barcodes_for_users for dcode13.com
2022-11-24 12:30:47,113 INFO scheduler Scheduled Job Start: frappe.website.doctype.web_page.web_page.check_publish_status for dcode13.com
2022-11-24 12:30:47,670 INFO scheduler Scheduled Job Complete: frappe.website.doctype.web_page.web_page.check_publish_status for dcode13.com
2022-11-24 12:30:47,801 INFO scheduler Scheduled Job Start: frappe.oauth.delete_oauth2_data for dcode13.com
2022-11-24 12:30:48,321 INFO scheduler Scheduled Job Complete: frappe.oauth.delete_oauth2_data for dcode13.com
2022-11-24 12:31:44,954 DEBUG scheduler Queued events for site dcode13.com
2022-11-24 12:32:45,240 INFO scheduler Scheduled Job Start: erpnext.crm.doctype.social_media_post.social_media_post.process_scheduled_social_media_posts for dcode13.com
2022-11-24 12:32:45,302 DEBUG scheduler Queued events for site dcode13.com
2022-11-24 12:32:45,489 INFO scheduler Scheduled Job Complete: erpnext.crm.doctype.social_media_post.social_media_post.process_scheduled_social_media_posts for dcode13.com
2022-11-24 12:32:45,565 INFO scheduler Scheduled Job Start: erpnext.hr.doctype.interview.interview.send_interview_reminder for dcode13.com
2022-11-24 12:32:45,898 INFO scheduler Scheduled Job Complete: erpnext.hr.doctype.interview.interview.send_interview_reminder for dcode13.com
2022-11-24 12:32:45,973 INFO scheduler Scheduled Job Start: erpnext.healthcare.doctype.patient_appointment.patient_appointment.send_appointment_reminder for dcode13.com
2022-11-24 12:32:46,245 INFO scheduler Scheduled Job Complete: erpnext.healthcare.doctype.patient_appointment.patient_appointment.send_appointment_reminder for dcode13.com
2022-11-24 12:32:46,321 INFO scheduler Scheduled Job Start: erpnext.projects.doctype.project.project.project_status_update_reminder for dcode13.com
2022-11-24 12:32:46,644 INFO scheduler Scheduled Job Complete: erpnext.projects.doctype.project.project.project_status_update_reminder for dcode13.com
2022-11-24 12:32:46,721 INFO scheduler Scheduled Job Start: frappe.monitor.flush for dcode13.com
2022-11-24 12:32:46,940 INFO scheduler Scheduled Job Complete: frappe.monitor.flush for dcode13.com
2022-11-24 12:32:47,055 INFO scheduler Scheduled Job Start: frappe.utils.global_search.sync_global_search for dcode13.com
2022-11-24 12:32:47,260 INFO scheduler Scheduled Job Complete: frappe.utils.global_search.sync_global_search for dcode13.com
2022-11-24 12:32:47,350 INFO scheduler Scheduled Job Start: frappe.integrations.doctype.razorpay_settings.razorpay_settings.capture_payment for dcode13.com
2022-11-24 12:32:47,679 INFO scheduler Scheduled Job Complete: frappe.integrations.doctype.razorpay_settings.razorpay_settings.capture_payment for dcode13.com
2022-11-24 12:32:47,757 INFO scheduler Scheduled Job Start: frappe.email.doctype.email_account.email_account.notify_unreplied for dcode13.com
2022-11-24 12:32:48,073 INFO scheduler Scheduled Job Complete: frappe.email.doctype.email_account.email_account.notify_unreplied for dcode13.com
2022-11-24 12:32:48,151 INFO scheduler Scheduled Job Start: frappe.email.doctype.email_account.email_account.pull for dcode13.com
2022-11-24 12:32:48,454 INFO scheduler Scheduled Job Complete: frappe.email.doctype.email_account.email_account.pull for dcode13.com
2022-11-24 12:32:48,530 INFO scheduler Scheduled Job Start: frappe.email.queue.flush for dcode13.com
2022-11-24 12:32:48,781 INFO scheduler Scheduled Job Complete: frappe.email.queue.flush for dcode13.com
2022-11-24 12:33:48,544 DEBUG scheduler Queued events for site dcode13.com
2022-11-24 12:34:49,019 DEBUG scheduler Queued events for site dcode13.com
2022-11-24 12:35:49,338 INFO scheduler Scheduled Job Start: erpnext.manufacturing.doctype.bom_update_log.bom_update_log.resume_bom_cost_update_jobs for dcode13.com
2022-11-24 12:35:49,348 DEBUG scheduler Queued events for site dcode13.com
2022-11-24 12:35:49,731 INFO scheduler Scheduled Job Complete: erpnext.manufacturing.doctype.bom_update_log.bom_update_log.resume_bom_cost_update_jobs for dcode13.com
2022-11-24 12:36:49,715 INFO scheduler Scheduled Job Start: erpnext.crm.doctype.social_media_post.social_media_post.process_scheduled_social_media_posts for dcode13.com
2022-11-24 12:36:49,799 DEBUG scheduler Queued events for site dcode13.com
2022-11-24 12:36:50,027 INFO scheduler Scheduled Job Complete: erpnext.crm.doctype.social_media_post.social_media_post.process_scheduled_social_media_posts for dcode13.com
2022-11-24 12:36:50,131 INFO scheduler Scheduled Job Start: erpnext.hr.doctype.interview.interview.send_interview_reminder for dcode13.com
2022-11-24 12:36:50,524 INFO scheduler Scheduled Job Complete: erpnext.hr.doctype.interview.interview.send_interview_reminder for dcode13.com
2022-11-24 12:36:50,632 INFO scheduler Scheduled Job Start: erpnext.healthcare.doctype.patient_appointment.patient_appointment.send_appointment_reminder for dcode13.com
2022-11-24 12:36:50,924 INFO scheduler Scheduled Job Complete: erpnext.healthcare.doctype.patient_appointment.patient_appointment.send_appointment_reminder for dcode13.com
2022-11-24 12:36:51,022 INFO scheduler Scheduled Job Start: erpnext.projects.doctype.project.project.project_status_update_reminder for dcode13.com
2022-11-24 12:36:52,010 INFO scheduler Scheduled Job Complete: erpnext.projects.doctype.project.project.project_status_update_reminder for dcode13.com
2022-11-24 12:36:52,114 INFO scheduler Scheduled Job Start: frappe.monitor.flush for dcode13.com
2022-11-24 12:36:52,395 INFO scheduler Scheduled Job Complete: frappe.monitor.flush for dcode13.com
2022-11-24 12:36:52,512 INFO scheduler Scheduled Job Start: frappe.utils.global_search.sync_global_search for dcode13.com
2022-11-24 12:36:52,760 INFO scheduler Scheduled Job Complete: frappe.utils.global_search.sync_global_search for dcode13.com
2022-11-24 12:36:52,860 INFO scheduler Scheduled Job Start: frappe.integrations.doctype.razorpay_settings.razorpay_settings.capture_payment for dcode13.com
2022-11-24 12:36:54,025 INFO scheduler Scheduled Job Complete: frappe.integrations.doctype.razorpay_settings.razorpay_settings.capture_payment for dcode13.com
2022-11-24 12:36:54,122 INFO scheduler Scheduled Job Start: frappe.email.doctype.email_account.email_account.notify_unreplied for dcode13.com
2022-11-24 12:36:54,784 INFO scheduler Scheduled Job Complete: frappe.email.doctype.email_account.email_account.notify_unreplied for dcode13.com
2022-11-24 12:36:54,877 INFO scheduler Scheduled Job Start: frappe.email.doctype.email_account.email_account.pull for dcode13.com
2022-11-24 12:36:55,219 INFO scheduler Scheduled Job Complete: frappe.email.doctype.email_account.email_account.pull for dcode13.com
2022-11-24 12:36:55,309 INFO scheduler Scheduled Job Start: frappe.email.queue.flush for dcode13.com
2022-11-24 12:36:55,582 INFO scheduler Scheduled Job Complete: frappe.email.queue.flush for dcode13.com
2022-11-24 12:37:50,224 DEBUG scheduler Queued events for site dcode13.com
2022-11-24 12:38:50,540 DEBUG scheduler Queued events for site dcode13.com
2022-11-24 12:39:50,902 DEBUG scheduler Queued events for site dcode13.com
2022-11-24 12:40:51,240 INFO scheduler Scheduled Job Start: erpnext.crm.doctype.social_media_post.social_media_post.process_scheduled_social_media_posts for dcode13.com
2022-11-24 12:40:51,355 DEBUG scheduler Queued events for site dcode13.com
2022-11-24 12:40:51,567 INFO scheduler Scheduled Job Complete: erpnext.crm.doctype.social_media_post.social_media_post.process_scheduled_social_media_posts for dcode13.com
2022-11-24 12:40:51,643 INFO scheduler Scheduled Job Start: erpnext.hr.doctype.interview.interview.send_interview_reminder for dcode13.com
2022-11-24 12:40:51,901 INFO scheduler Scheduled Job Complete: erpnext.hr.doctype.interview.interview.send_interview_reminder for dcode13.com
2022-11-24 12:40:51,977 INFO scheduler Scheduled Job Start: erpnext.healthcare.doctype.patient_appointment.patient_appointment.send_appointment_reminder for dcode13.com
2022-11-24 12:40:52,233 INFO scheduler Scheduled Job Complete: erpnext.healthcare.doctype.patient_appointment.patient_appointment.send_appointment_reminder for dcode13.com
2022-11-24 12:40:52,312 INFO scheduler Scheduled Job Start: erpnext.projects.doctype.project.project.project_status_update_reminder for dcode13.com
2022-11-24 12:40:52,681 INFO scheduler Scheduled Job Complete: erpnext.projects.doctype.project.project.project_status_update_reminder for dcode13.com
2022-11-24 12:40:52,775 INFO scheduler Scheduled Job Start: erpnext.manufacturing.doctype.bom_update_log.bom_update_log.resume_bom_cost_update_jobs for dcode13.com
2022-11-24 12:40:53,209 INFO scheduler Scheduled Job Complete: erpnext.manufacturing.doctype.bom_update_log.bom_update_log.resume_bom_cost_update_jobs for dcode13.com
2022-11-24 12:40:53,349 INFO scheduler Scheduled Job Start: frappe.monitor.flush for dcode13.com
2022-11-24 12:40:53,608 INFO scheduler Scheduled Job Complete: frappe.monitor.flush for dcode13.com
2022-11-24 12:40:53,686 INFO scheduler Scheduled Job Start: frappe.utils.global_search.sync_global_search for dcode13.com
2022-11-24 12:40:53,895 INFO scheduler Scheduled Job Complete: frappe.utils.global_search.sync_global_search for dcode13.com
2022-11-24 12:40:53,972 INFO scheduler Scheduled Job Start: frappe.integrations.doctype.razorpay_settings.razorpay_settings.capture_payment for dcode13.com
2022-11-24 12:40:54,345 INFO scheduler Scheduled Job Complete: frappe.integrations.doctype.razorpay_settings.razorpay_settings.capture_payment for dcode13.com
2022-11-24 12:40:54,432 INFO scheduler Scheduled Job Start: frappe.email.doctype.email_account.email_account.notify_unreplied for dcode13.com
2022-11-24 12:40:54,718 INFO scheduler Scheduled Job Complete: frappe.email.doctype.email_account.email_account.notify_unreplied for dcode13.com
2022-11-24 12:40:54,808 INFO scheduler Scheduled Job Start: frappe.email.doctype.email_account.email_account.pull for dcode13.com
2022-11-24 12:40:55,114 INFO scheduler Scheduled Job Complete: frappe.email.doctype.email_account.email_account.pull for dcode13.com
2022-11-24 12:40:55,191 INFO scheduler Scheduled Job Start: frappe.email.queue.flush for dcode13.com
2022-11-24 12:40:55,428 INFO scheduler Scheduled Job Complete: frappe.email.queue.flush for dcode13.com
2022-11-24 12:41:51,693 DEBUG scheduler Queued events for site dcode13.com
2022-11-24 12:42:51,988 DEBUG scheduler Queued events for site dcode13.com
2022-11-24 12:43:52,292 DEBUG scheduler Queued events for site dcode13.com
2022-11-24 12:44:52,619 INFO scheduler Scheduled Job Start: erpnext.crm.doctype.social_media_post.social_media_post.process_scheduled_social_media_posts for dcode13.com
2022-11-24 12:44:52,691 DEBUG scheduler Queued events for site dcode13.com
2022-11-24 12:44:52,926 INFO scheduler Scheduled Job Complete: erpnext.crm.doctype.social_media_post.social_media_post.process_scheduled_social_media_posts for dcode13.com
2022-11-24 12:44:53,004 INFO scheduler Scheduled Job Start: erpnext.hr.doctype.interview.interview.send_interview_reminder for dcode13.com
2022-11-24 12:44:53,280 INFO scheduler Scheduled Job Complete: erpnext.hr.doctype.interview.interview.send_interview_reminder for dcode13.com
2022-11-24 12:44:53,356 INFO scheduler Scheduled Job Start: erpnext.healthcare.doctype.patient_appointment.patient_appointment.send_appointment_reminder for dcode13.com
2022-11-24 12:44:53,588 INFO scheduler Scheduled Job Complete: erpnext.healthcare.doctype.patient_appointment.patient_appointment.send_appointment_reminder for dcode13.com
2022-11-24 12:44:53,664 INFO scheduler Scheduled Job Start: erpnext.projects.doctype.project.project.project_status_update_reminder for dcode13.com
2022-11-24 12:44:53,993 INFO scheduler Scheduled Job Complete: erpnext.projects.doctype.project.project.project_status_update_reminder for dcode13.com
2022-11-24 12:44:54,070 INFO scheduler Scheduled Job Start: frappe.monitor.flush for dcode13.com
2022-11-24 12:44:54,278 INFO scheduler Scheduled Job Complete: frappe.monitor.flush for dcode13.com
2022-11-24 12:44:54,370 INFO scheduler Scheduled Job Start: frappe.utils.global_search.sync_global_search for dcode13.com
2022-11-24 12:44:54,588 INFO scheduler Scheduled Job Complete: frappe.utils.global_search.sync_global_search for dcode13.com
2022-11-24 12:44:54,674 INFO scheduler Scheduled Job Start: frappe.integrations.doctype.razorpay_settings.razorpay_settings.capture_payment for dcode13.com
2022-11-24 12:44:55,027 INFO scheduler Scheduled Job Complete: frappe.integrations.doctype.razorpay_settings.razorpay_settings.capture_payment for dcode13.com
2022-11-24 12:44:55,104 INFO scheduler Scheduled Job Start: frappe.email.doctype.email_account.email_account.notify_unreplied for dcode13.com
2022-11-24 12:44:55,645 INFO scheduler Scheduled Job Complete: frappe.email.doctype.email_account.email_account.notify_unreplied for dcode13.com
2022-11-24 12:44:55,726 INFO scheduler Scheduled Job Start: frappe.email.doctype.email_account.email_account.pull for dcode13.com
2022-11-24 12:44:56,026 INFO scheduler Scheduled Job Complete: frappe.email.doctype.email_account.email_account.pull for dcode13.com
2022-11-24 12:44:56,106 INFO scheduler Scheduled Job Start: frappe.email.queue.flush for dcode13.com
2022-11-24 12:44:56,374 INFO scheduler Scheduled Job Complete: frappe.email.queue.flush for dcode13.com
2022-11-24 12:45:53,034 INFO scheduler Scheduled Job Start: erpnext.manufacturing.doctype.bom_update_log.bom_update_log.resume_bom_cost_update_jobs for dcode13.com
2022-11-24 12:45:53,060 DEBUG scheduler Queued events for site dcode13.com
2022-11-24 12:45:53,354 INFO scheduler Scheduled Job Complete: erpnext.manufacturing.doctype.bom_update_log.bom_update_log.resume_bom_cost_update_jobs for dcode13.com
2022-11-24 12:45:53,451 INFO scheduler Scheduled Job Start: frappe.twofactor.delete_all_barcodes_for_users for dcode13.com
2022-11-24 12:45:53,847 INFO scheduler Scheduled Job Complete: frappe.twofactor.delete_all_barcodes_for_users for dcode13.com
2022-11-24 12:45:53,934 INFO scheduler Scheduled Job Start: frappe.website.doctype.web_page.web_page.check_publish_status for dcode13.com
2022-11-24 12:45:54,349 INFO scheduler Scheduled Job Complete: frappe.website.doctype.web_page.web_page.check_publish_status for dcode13.com
2022-11-24 12:45:54,449 INFO scheduler Scheduled Job Start: frappe.oauth.delete_oauth2_data for dcode13.com
2022-11-24 12:45:54,792 INFO scheduler Scheduled Job Complete: frappe.oauth.delete_oauth2_data for dcode13.com
2022-11-24 12:46:53,417 DEBUG scheduler Queued events for site dcode13.com
2022-11-24 12:47:53,716 DEBUG scheduler Queued events for site dcode13.com
2022-11-24 12:48:54,063 DEBUG scheduler Queued events for site dcode13.com
2022-11-24 12:48:54,075 INFO scheduler Scheduled Job Start: erpnext.crm.doctype.social_media_post.social_media_post.process_scheduled_social_media_posts for dcode13.com
2022-11-24 12:48:54,322 INFO scheduler Scheduled Job Complete: erpnext.crm.doctype.social_media_post.social_media_post.process_scheduled_social_media_posts for dcode13.com
2022-11-24 12:48:54,423 INFO scheduler Scheduled Job Start: erpnext.hr.doctype.interview.interview.send_interview_reminder for dcode13.com
2022-11-24 12:48:54,670 INFO scheduler Scheduled Job Complete: erpnext.hr.doctype.interview.interview.send_interview_reminder for dcode13.com
2022-11-24 12:48:54,749 INFO scheduler Scheduled Job Start: erpnext.healthcare.doctype.patient_appointment.patient_appointment.send_appointment_reminder for dcode13.com
2022-11-24 12:48:54,968 INFO scheduler Scheduled Job Complete: erpnext.healthcare.doctype.patient_appointment.patient_appointment.send_appointment_reminder for dcode13.com
2022-11-24 12:48:55,043 INFO scheduler Scheduled Job Start: erpnext.projects.doctype.project.project.project_status_update_reminder for dcode13.com
2022-11-24 12:48:55,346 INFO scheduler Scheduled Job Complete: erpnext.projects.doctype.project.project.project_status_update_reminder for dcode13.com
2022-11-24 12:48:55,424 INFO scheduler Scheduled Job Start: frappe.monitor.flush for dcode13.com
2022-11-24 12:48:55,655 INFO scheduler Scheduled Job Complete: frappe.monitor.flush for dcode13.com
2022-11-24 12:48:55,758 INFO scheduler Scheduled Job Start: frappe.utils.global_search.sync_global_search for dcode13.com
2022-11-24 12:48:55,996 INFO scheduler Scheduled Job Complete: frappe.utils.global_search.sync_global_search for dcode13.com
2022-11-24 12:48:56,077 INFO scheduler Scheduled Job Start: frappe.integrations.doctype.razorpay_settings.razorpay_settings.capture_payment for dcode13.com
2022-11-24 12:48:56,491 INFO scheduler Scheduled Job Complete: frappe.integrations.doctype.razorpay_settings.razorpay_settings.capture_payment for dcode13.com
2022-11-24 12:48:56,569 INFO scheduler Scheduled Job Start: frappe.email.doctype.email_account.email_account.notify_unreplied for dcode13.com
2022-11-24 12:48:56,877 INFO scheduler Scheduled Job Complete: frappe.email.doctype.email_account.email_account.notify_unreplied for dcode13.com
2022-11-24 12:48:56,954 INFO scheduler Scheduled Job Start: frappe.email.doctype.email_account.email_account.pull for dcode13.com
2022-11-24 12:48:57,290 INFO scheduler Scheduled Job Complete: frappe.email.doctype.email_account.email_account.pull for dcode13.com
2022-11-24 12:48:57,368 INFO scheduler Scheduled Job Start: frappe.email.queue.flush for dcode13.com
2022-11-24 12:48:57,611 INFO scheduler Scheduled Job Complete: frappe.email.queue.flush for dcode13.com
2022-11-24 12:49:54,409 DEBUG scheduler Queued events for site dcode13.com
2022-11-24 12:50:54,739 INFO scheduler Scheduled Job Start: erpnext.manufacturing.doctype.bom_update_log.bom_update_log.resume_bom_cost_update_jobs for dcode13.com
2022-11-24 12:50:54,751 DEBUG scheduler Queued events for site dcode13.com
2022-11-24 12:50:55,080 INFO scheduler Scheduled Job Complete: erpnext.manufacturing.doctype.bom_update_log.bom_update_log.resume_bom_cost_update_jobs for dcode13.com
2022-11-24 12:51:55,096 DEBUG scheduler Queued events for site dcode13.com
2022-11-24 12:52:55,413 INFO scheduler Scheduled Job Start: erpnext.crm.doctype.social_media_post.social_media_post.process_scheduled_social_media_posts for dcode13.com
2022-11-24 12:52:55,479 DEBUG scheduler Queued events for site dcode13.com
2022-11-24 12:52:55,660 INFO scheduler Scheduled Job Complete: erpnext.crm.doctype.social_media_post.social_media_post.process_scheduled_social_media_posts for dcode13.com
2022-11-24 12:52:55,742 INFO scheduler Scheduled Job Start: erpnext.hr.doctype.interview.interview.send_interview_reminder for dcode13.com
2022-11-24 12:52:55,996 INFO scheduler Scheduled Job Complete: erpnext.hr.doctype.interview.interview.send_interview_reminder for dcode13.com
2022-11-24 12:52:56,070 INFO scheduler Scheduled Job Start: erpnext.healthcare.doctype.patient_appointment.patient_appointment.send_appointment_reminder for dcode13.com
2022-11-24 12:52:56,284 INFO scheduler Scheduled Job Complete: erpnext.healthcare.doctype.patient_appointment.patient_appointment.send_appointment_reminder for dcode13.com
2022-11-24 12:52:56,366 INFO scheduler Scheduled Job Start: erpnext.projects.doctype.project.project.project_status_update_reminder for dcode13.com
2022-11-24 12:52:56,783 INFO scheduler Scheduled Job Complete: erpnext.projects.doctype.project.project.project_status_update_reminder for dcode13.com
2022-11-24 12:52:56,859 INFO scheduler Scheduled Job Start: frappe.monitor.flush for dcode13.com
2022-11-24 12:52:57,084 INFO scheduler Scheduled Job Complete: frappe.monitor.flush for dcode13.com
2022-11-24 12:52:57,166 INFO scheduler Scheduled Job Start: frappe.utils.global_search.sync_global_search for dcode13.com
2022-11-24 12:52:57,360 INFO scheduler Scheduled Job Complete: frappe.utils.global_search.sync_global_search for dcode13.com
2022-11-24 12:52:57,440 INFO scheduler Scheduled Job Start: frappe.integrations.doctype.razorpay_settings.razorpay_settings.capture_payment for dcode13.com
2022-11-24 12:52:57,768 INFO scheduler Scheduled Job Complete: frappe.integrations.doctype.razorpay_settings.razorpay_settings.capture_payment for dcode13.com
2022-11-24 12:52:57,845 INFO scheduler Scheduled Job Start: frappe.email.doctype.email_account.email_account.notify_unreplied for dcode13.com
2022-11-24 12:52:58,151 INFO scheduler Scheduled Job Complete: frappe.email.doctype.email_account.email_account.notify_unreplied for dcode13.com
2022-11-24 12:52:58,229 INFO scheduler Scheduled Job Start: frappe.email.doctype.email_account.email_account.pull for dcode13.com
2022-11-24 12:52:58,551 INFO scheduler Scheduled Job Complete: frappe.email.doctype.email_account.email_account.pull for dcode13.com
2022-11-24 12:52:58,635 INFO scheduler Scheduled Job Start: frappe.email.queue.flush for dcode13.com
2022-11-24 12:52:58,854 INFO scheduler Scheduled Job Complete: frappe.email.queue.flush for dcode13.com
2022-11-24 12:53:55,805 DEBUG scheduler Queued events for site dcode13.com
2022-11-24 12:54:56,115 DEBUG scheduler Queued events for site dcode13.com
2022-11-24 12:55:56,433 DEBUG scheduler Queued events for site dcode13.com
2022-11-24 12:55:56,717 INFO scheduler Scheduled Job Start: erpnext.manufacturing.doctype.bom_update_log.bom_update_log.resume_bom_cost_update_jobs for dcode13.com
2022-11-24 12:55:57,247 INFO scheduler Scheduled Job Complete: erpnext.manufacturing.doctype.bom_update_log.bom_update_log.resume_bom_cost_update_jobs for dcode13.com
2022-11-24 12:56:56,750 INFO scheduler Scheduled Job Start: erpnext.crm.doctype.social_media_post.social_media_post.process_scheduled_social_media_posts for dcode13.com
2022-11-24 12:56:56,816 DEBUG scheduler Queued events for site dcode13.com
2022-11-24 12:56:57,049 INFO scheduler Scheduled Job Complete: erpnext.crm.doctype.social_media_post.social_media_post.process_scheduled_social_media_posts for dcode13.com
2022-11-24 12:56:57,139 INFO scheduler Scheduled Job Start: erpnext.hr.doctype.interview.interview.send_interview_reminder for dcode13.com
2022-11-24 12:56:57,465 INFO scheduler Scheduled Job Complete: erpnext.hr.doctype.interview.interview.send_interview_reminder for dcode13.com
2022-11-24 12:56:57,553 INFO scheduler Scheduled Job Start: erpnext.healthcare.doctype.patient_appointment.patient_appointment.send_appointment_reminder for dcode13.com
2022-11-24 12:56:57,826 INFO scheduler Scheduled Job Complete: erpnext.healthcare.doctype.patient_appointment.patient_appointment.send_appointment_reminder for dcode13.com
2022-11-24 12:56:57,918 INFO scheduler Scheduled Job Start: erpnext.projects.doctype.project.project.project_status_update_reminder for dcode13.com
2022-11-24 12:56:58,310 INFO scheduler Scheduled Job Complete: erpnext.projects.doctype.project.project.project_status_update_reminder for dcode13.com
2022-11-24 12:56:58,395 INFO scheduler Scheduled Job Start: frappe.monitor.flush for dcode13.com
2022-11-24 12:56:58,592 INFO scheduler Scheduled Job Complete: frappe.monitor.flush for dcode13.com
2022-11-24 12:56:58,668 INFO scheduler Scheduled Job Start: frappe.utils.global_search.sync_global_search for dcode13.com
2022-11-24 12:56:58,857 INFO scheduler Scheduled Job Complete: frappe.utils.global_search.sync_global_search for dcode13.com
2022-11-24 12:56:58,937 INFO scheduler Scheduled Job Start: frappe.integrations.doctype.razorpay_settings.razorpay_settings.capture_payment for dcode13.com
2022-11-24 12:56:59,298 INFO scheduler Scheduled Job Complete: frappe.integrations.doctype.razorpay_settings.razorpay_settings.capture_payment for dcode13.com
2022-11-24 12:56:59,392 INFO scheduler Scheduled Job Start: frappe.email.doctype.email_account.email_account.notify_unreplied for dcode13.com
2022-11-24 12:56:59,714 INFO scheduler Scheduled Job Complete: frappe.email.doctype.email_account.email_account.notify_unreplied for dcode13.com
2022-11-24 12:56:59,814 INFO scheduler Scheduled Job Start: frappe.email.doctype.email_account.email_account.pull for dcode13.com
2022-11-24 12:57:00,144 INFO scheduler Scheduled Job Complete: frappe.email.doctype.email_account.email_account.pull for dcode13.com
2022-11-24 12:57:00,222 INFO scheduler Scheduled Job Start: frappe.email.queue.flush for dcode13.com
2022-11-24 12:57:00,478 INFO scheduler Scheduled Job Complete: frappe.email.queue.flush for dcode13.com
2022-11-24 12:57:57,125 DEBUG scheduler Queued events for site dcode13.com
2022-11-24 12:58:57,433 DEBUG scheduler Queued events for site dcode13.com
2022-11-24 12:59:57,761 DEBUG scheduler Queued events for site dcode13.com
2022-11-24 13:00:58,078 INFO scheduler Scheduled Job Start: erpnext.erpnext_integrations.connectors.shopify_connection.sync_old_orders for dcode13.com
2022-11-24 13:00:58,322 DEBUG scheduler Queued events for site dcode13.com
2022-11-24 13:01:02,240 INFO scheduler Scheduled Job Complete: erpnext.erpnext_integrations.connectors.shopify_connection.sync_old_orders for dcode13.com
2022-11-24 13:01:02,337 INFO scheduler Scheduled Job Start: erpnext.support.doctype.issue.issue.set_service_level_agreement_variance for dcode13.com
2022-11-24 13:01:03,032 INFO scheduler Scheduled Job Complete: erpnext.support.doctype.issue.issue.set_service_level_agreement_variance for dcode13.com
2022-11-24 13:01:03,152 INFO scheduler Scheduled Job Start: erpnext.projects.doctype.project.project.collect_project_status for dcode13.com
2022-11-24 13:01:03,596 INFO scheduler Scheduled Job Start: erpnext.hr.doctype.shift_type.shift_type.process_auto_attendance_for_all_shifts for dcode13.com
2022-11-24 13:01:03,598 INFO scheduler Scheduled Job Complete: erpnext.projects.doctype.project.project.collect_project_status for dcode13.com
2022-11-24 13:01:03,692 INFO scheduler Scheduled Job Start: erpnext.projects.doctype.project.project.hourly_reminder for dcode13.com
2022-11-24 13:01:04,121 INFO scheduler Scheduled Job Complete: erpnext.projects.doctype.project.project.hourly_reminder for dcode13.com
2022-11-24 13:01:04,239 INFO scheduler Scheduled Job Start: erpnext.erpnext_integrations.doctype.plaid_settings.plaid_settings.automatic_synchronization for dcode13.com
2022-11-24 13:01:04,447 INFO scheduler Scheduled Job Complete: erpnext.hr.doctype.shift_type.shift_type.process_auto_attendance_for_all_shifts for dcode13.com
2022-11-24 13:01:04,577 INFO scheduler Scheduled Job Start: erpnext.stock.doctype.repost_item_valuation.repost_item_valuation.repost_entries for dcode13.com
2022-11-24 13:01:04,879 INFO scheduler Scheduled Job Complete: erpnext.erpnext_integrations.doctype.plaid_settings.plaid_settings.automatic_synchronization for dcode13.com
2022-11-24 13:01:05,006 INFO scheduler Scheduled Job Start: erpnext.erpnext_integrations.doctype.amazon_mws_settings.amazon_mws_settings.schedule_get_order_details for dcode13.com
2022-11-24 13:01:05,057 INFO scheduler Scheduled Job Complete: erpnext.stock.doctype.repost_item_valuation.repost_item_valuation.repost_entries for dcode13.com
2022-11-24 13:01:05,160 INFO scheduler Scheduled Job Start: erpnext.accounts.doctype.subscription.subscription.process_all for dcode13.com
2022-11-24 13:01:05,346 INFO scheduler Scheduled Job Complete: erpnext.erpnext_integrations.doctype.amazon_mws_settings.amazon_mws_settings.schedule_get_order_details for dcode13.com
2022-11-24 13:01:05,461 INFO scheduler Scheduled Job Start: erpnext.hr.doctype.daily_work_summary_group.daily_work_summary_group.trigger_emails for dcode13.com
2022-11-24 13:01:05,580 INFO scheduler Scheduled Job Complete: erpnext.accounts.doctype.subscription.subscription.process_all for dcode13.com
2022-11-24 13:01:05,797 INFO scheduler Scheduled Job Complete: erpnext.hr.doctype.daily_work_summary_group.daily_work_summary_group.trigger_emails for dcode13.com
2022-11-24 13:01:05,944 INFO scheduler Scheduled Job Start: erpnext.crm.doctype.social_media_post.social_media_post.process_scheduled_social_media_posts for dcode13.com
2022-11-24 13:01:06,171 INFO scheduler Scheduled Job Complete: erpnext.crm.doctype.social_media_post.social_media_post.process_scheduled_social_media_posts for dcode13.com
2022-11-24 13:01:06,247 INFO scheduler Scheduled Job Start: erpnext.hr.doctype.interview.interview.send_interview_reminder for dcode13.com
2022-11-24 13:01:06,585 INFO scheduler Scheduled Job Complete: erpnext.hr.doctype.interview.interview.send_interview_reminder for dcode13.com
2022-11-24 13:01:06,664 INFO scheduler Scheduled Job Start: erpnext.healthcare.doctype.patient_appointment.patient_appointment.send_appointment_reminder for dcode13.com
2022-11-24 13:01:06,911 INFO scheduler Scheduled Job Complete: erpnext.healthcare.doctype.patient_appointment.patient_appointment.send_appointment_reminder for dcode13.com
2022-11-24 13:01:06,989 INFO scheduler Scheduled Job Start: erpnext.projects.doctype.project.project.project_status_update_reminder for dcode13.com
2022-11-24 13:01:07,301 INFO scheduler Scheduled Job Complete: erpnext.projects.doctype.project.project.project_status_update_reminder for dcode13.com
2022-11-24 13:01:07,378 INFO scheduler Scheduled Job Start: erpnext.utilities.doctype.video.video.update_youtube_data for dcode13.com
2022-11-24 13:01:07,797 INFO scheduler Scheduled Job Complete: erpnext.utilities.doctype.video.video.update_youtube_data for dcode13.com
2022-11-24 13:01:07,902 INFO scheduler Scheduled Job Start: erpnext.manufacturing.doctype.bom_update_log.bom_update_log.resume_bom_cost_update_jobs for dcode13.com
2022-11-24 13:01:08,289 INFO scheduler Scheduled Job Complete: erpnext.manufacturing.doctype.bom_update_log.bom_update_log.resume_bom_cost_update_jobs for dcode13.com
2022-11-24 13:01:08,393 INFO scheduler Scheduled Job Start: frappe.email.doctype.newsletter.newsletter.send_scheduled_email for dcode13.com
2022-11-24 13:01:08,885 INFO scheduler Scheduled Job Complete: frappe.email.doctype.newsletter.newsletter.send_scheduled_email for dcode13.com
2022-11-24 13:01:08,992 INFO scheduler Scheduled Job Start: frappe.integrations.doctype.google_calendar.google_calendar.sync for dcode13.com
2022-11-24 13:01:10,483 INFO scheduler Scheduled Job Complete: frappe.integrations.doctype.google_calendar.google_calendar.sync for dcode13.com
2022-11-24 13:01:10,607 INFO scheduler Scheduled Job Start: frappe.desk.form.document_follow.send_hourly_updates for dcode13.com
2022-11-24 13:01:10,962 INFO scheduler Scheduled Job Complete: frappe.desk.form.document_follow.send_hourly_updates for dcode13.com
2022-11-24 13:01:11,045 INFO scheduler Scheduled Job Start: frappe.deferred_insert.save_to_db for dcode13.com
2022-11-24 13:01:11,792 INFO scheduler Scheduled Job Complete: frappe.deferred_insert.save_to_db for dcode13.com
2022-11-24 13:01:11,888 INFO scheduler Scheduled Job Start: frappe.desk.page.backups.backups.delete_downloadable_backups for dcode13.com
2022-11-24 13:01:12,393 INFO scheduler Scheduled Job Complete: frappe.desk.page.backups.backups.delete_downloadable_backups for dcode13.com
2022-11-24 13:01:12,500 INFO scheduler Scheduled Job Start: frappe.utils.error.collect_error_snapshots for dcode13.com
2022-11-24 13:01:13,566 INFO scheduler Scheduled Job Complete: frappe.utils.error.collect_error_snapshots for dcode13.com
2022-11-24 13:01:13,706 INFO scheduler Scheduled Job Start: frappe.model.utils.user_settings.sync_user_settings for dcode13.com
2022-11-24 13:01:14,067 INFO scheduler Scheduled Job Complete: frappe.model.utils.user_settings.sync_user_settings for dcode13.com
2022-11-24 13:01:14,171 INFO scheduler Scheduled Job Start: frappe.model.utils.link_count.update_link_count for dcode13.com
2022-11-24 13:01:14,515 INFO scheduler Scheduled Job Complete: frappe.model.utils.link_count.update_link_count for dcode13.com
2022-11-24 13:01:14,648 INFO scheduler Scheduled Job Start: frappe.monitor.flush for dcode13.com
2022-11-24 13:01:14,844 INFO scheduler Scheduled Job Complete: frappe.monitor.flush for dcode13.com
2022-11-24 13:01:14,921 INFO scheduler Scheduled Job Start: frappe.utils.global_search.sync_global_search for dcode13.com
2022-11-24 13:01:15,122 INFO scheduler Scheduled Job Complete: frappe.utils.global_search.sync_global_search for dcode13.com
2022-11-24 13:01:15,211 INFO scheduler Scheduled Job Start: frappe.integrations.doctype.razorpay_settings.razorpay_settings.capture_payment for dcode13.com
2022-11-24 13:01:15,585 INFO scheduler Scheduled Job Complete: frappe.integrations.doctype.razorpay_settings.razorpay_settings.capture_payment for dcode13.com
2022-11-24 13:01:15,667 INFO scheduler Scheduled Job Start: frappe.email.doctype.email_account.email_account.notify_unreplied for dcode13.com
2022-11-24 13:01:15,958 INFO scheduler Scheduled Job Complete: frappe.email.doctype.email_account.email_account.notify_unreplied for dcode13.com
2022-11-24 13:01:16,037 INFO scheduler Scheduled Job Start: frappe.email.doctype.email_account.email_account.pull for dcode13.com
2022-11-24 13:01:16,332 INFO scheduler Scheduled Job Complete: frappe.email.doctype.email_account.email_account.pull for dcode13.com
2022-11-24 13:01:16,409 INFO scheduler Scheduled Job Start: frappe.email.queue.flush for dcode13.com
2022-11-24 13:01:16,656 INFO scheduler Scheduled Job Complete: frappe.email.queue.flush for dcode13.com
2022-11-24 13:01:16,733 INFO scheduler Scheduled Job Start: frappe.twofactor.delete_all_barcodes_for_users for dcode13.com
2022-11-24 13:01:17,118 INFO scheduler Scheduled Job Complete: frappe.twofactor.delete_all_barcodes_for_users for dcode13.com
2022-11-24 13:01:17,200 INFO scheduler Scheduled Job Start: frappe.website.doctype.web_page.web_page.check_publish_status for dcode13.com
2022-11-24 13:01:17,588 INFO scheduler Scheduled Job Complete: frappe.website.doctype.web_page.web_page.check_publish_status for dcode13.com
2022-11-24 13:01:17,684 INFO scheduler Scheduled Job Start: frappe.oauth.delete_oauth2_data for dcode13.com
2022-11-24 13:01:18,046 INFO scheduler Scheduled Job Complete: frappe.oauth.delete_oauth2_data for dcode13.com
2022-11-24 13:01:58,657 DEBUG scheduler Queued events for site dcode13.com
2022-11-24 13:02:58,982 DEBUG scheduler Queued events for site dcode13.com
2022-11-24 13:03:59,290 DEBUG scheduler Queued events for site dcode13.com
2022-11-24 13:04:59,619 INFO scheduler Scheduled Job Start: erpnext.crm.doctype.social_media_post.social_media_post.process_scheduled_social_media_posts for dcode13.com
2022-11-24 13:04:59,696 DEBUG scheduler Queued events for site dcode13.com
2022-11-24 13:04:59,902 INFO scheduler Scheduled Job Complete: erpnext.crm.doctype.social_media_post.social_media_post.process_scheduled_social_media_posts for dcode13.com
2022-11-24 13:04:59,977 INFO scheduler Scheduled Job Start: erpnext.hr.doctype.interview.interview.send_interview_reminder for dcode13.com
2022-11-24 13:05:00,274 INFO scheduler Scheduled Job Complete: erpnext.hr.doctype.interview.interview.send_interview_reminder for dcode13.com
2022-11-24 13:05:00,351 INFO scheduler Scheduled Job Start: erpnext.healthcare.doctype.patient_appointment.patient_appointment.send_appointment_reminder for dcode13.com
2022-11-24 13:05:00,644 INFO scheduler Scheduled Job Complete: erpnext.healthcare.doctype.patient_appointment.patient_appointment.send_appointment_reminder for dcode13.com
2022-11-24 13:05:00,722 INFO scheduler Scheduled Job Start: erpnext.projects.doctype.project.project.project_status_update_reminder for dcode13.com
2022-11-24 13:05:01,108 INFO scheduler Scheduled Job Complete: erpnext.projects.doctype.project.project.project_status_update_reminder for dcode13.com
2022-11-24 13:05:01,185 INFO scheduler Scheduled Job Start: frappe.monitor.flush for dcode13.com
2022-11-24 13:05:01,399 INFO scheduler Scheduled Job Complete: frappe.monitor.flush for dcode13.com
2022-11-24 13:05:01,480 INFO scheduler Scheduled Job Start: frappe.utils.global_search.sync_global_search for dcode13.com
2022-11-24 13:05:01,665 INFO scheduler Scheduled Job Complete: frappe.utils.global_search.sync_global_search for dcode13.com
2022-11-24 13:05:01,742 INFO scheduler Scheduled Job Start: frappe.integrations.doctype.razorpay_settings.razorpay_settings.capture_payment for dcode13.com
2022-11-24 13:05:02,093 INFO scheduler Scheduled Job Complete: frappe.integrations.doctype.razorpay_settings.razorpay_settings.capture_payment for dcode13.com
2022-11-24 13:05:02,170 INFO scheduler Scheduled Job Start: frappe.email.doctype.email_account.email_account.notify_unreplied for dcode13.com
2022-11-24 13:05:02,490 INFO scheduler Scheduled Job Complete: frappe.email.doctype.email_account.email_account.notify_unreplied for dcode13.com
2022-11-24 13:05:02,566 INFO scheduler Scheduled Job Start: frappe.email.doctype.email_account.email_account.pull for dcode13.com
2022-11-24 13:05:02,900 INFO scheduler Scheduled Job Complete: frappe.email.doctype.email_account.email_account.pull for dcode13.com
2022-11-24 13:05:02,976 INFO scheduler Scheduled Job Start: frappe.email.queue.flush for dcode13.com
2022-11-24 13:05:03,239 INFO scheduler Scheduled Job Complete: frappe.email.queue.flush for dcode13.com
2022-11-24 13:06:00,054 INFO scheduler Scheduled Job Start: erpnext.manufacturing.doctype.bom_update_log.bom_update_log.resume_bom_cost_update_jobs for dcode13.com
2022-11-24 13:06:00,076 DEBUG scheduler Queued events for site dcode13.com
2022-11-24 13:06:00,436 INFO scheduler Scheduled Job Complete: erpnext.manufacturing.doctype.bom_update_log.bom_update_log.resume_bom_cost_update_jobs for dcode13.com
2022-11-24 13:07:00,482 DEBUG scheduler Queued events for site dcode13.com
2022-11-24 13:08:00,840 INFO scheduler Scheduled Job Start: erpnext.crm.doctype.social_media_post.social_media_post.process_scheduled_social_media_posts for dcode13.com
2022-11-24 13:08:00,933 DEBUG scheduler Queued events for site dcode13.com
2022-11-24 13:08:01,179 INFO scheduler Scheduled Job Complete: erpnext.crm.doctype.social_media_post.social_media_post.process_scheduled_social_media_posts for dcode13.com
2022-11-24 13:08:01,261 INFO scheduler Scheduled Job Start: erpnext.hr.doctype.interview.interview.send_interview_reminder for dcode13.com
2022-11-24 13:08:01,657 INFO scheduler Scheduled Job Complete: erpnext.hr.doctype.interview.interview.send_interview_reminder for dcode13.com
2022-11-24 13:08:01,766 INFO scheduler Scheduled Job Start: erpnext.healthcare.doctype.patient_appointment.patient_appointment.send_appointment_reminder for dcode13.com
2022-11-24 13:08:02,059 INFO scheduler Scheduled Job Complete: erpnext.healthcare.doctype.patient_appointment.patient_appointment.send_appointment_reminder for dcode13.com
2022-11-24 13:08:02,167 INFO scheduler Scheduled Job Start: erpnext.projects.doctype.project.project.project_status_update_reminder for dcode13.com
2022-11-24 13:08:02,583 INFO scheduler Scheduled Job Complete: erpnext.projects.doctype.project.project.project_status_update_reminder for dcode13.com
2022-11-24 13:08:02,687 INFO scheduler Scheduled Job Start: frappe.monitor.flush for dcode13.com
2022-11-24 13:08:02,948 INFO scheduler Scheduled Job Complete: frappe.monitor.flush for dcode13.com
2022-11-24 13:08:03,051 INFO scheduler Scheduled Job Start: frappe.utils.global_search.sync_global_search for dcode13.com
2022-11-24 13:08:03,324 INFO scheduler Scheduled Job Complete: frappe.utils.global_search.sync_global_search for dcode13.com
2022-11-24 13:08:03,454 INFO scheduler Scheduled Job Start: frappe.integrations.doctype.razorpay_settings.razorpay_settings.capture_payment for dcode13.com
2022-11-24 13:08:03,954 INFO scheduler Scheduled Job Complete: frappe.integrations.doctype.razorpay_settings.razorpay_settings.capture_payment for dcode13.com
2022-11-24 13:08:04,075 INFO scheduler Scheduled Job Start: frappe.email.doctype.email_account.email_account.notify_unreplied for dcode13.com
2022-11-24 13:08:04,439 INFO scheduler Scheduled Job Complete: frappe.email.doctype.email_account.email_account.notify_unreplied for dcode13.com
2022-11-24 13:08:04,547 INFO scheduler Scheduled Job Start: frappe.email.doctype.email_account.email_account.pull for dcode13.com
2022-11-24 13:08:04,919 INFO scheduler Scheduled Job Complete: frappe.email.doctype.email_account.email_account.pull for dcode13.com
2022-11-24 13:08:05,030 INFO scheduler Scheduled Job Start: frappe.email.queue.flush for dcode13.com
2022-11-24 13:08:05,324 INFO scheduler Scheduled Job Complete: frappe.email.queue.flush for dcode13.com
2022-11-24 13:09:01,279 DEBUG scheduler Queued events for site dcode13.com
2022-11-24 13:10:01,625 DEBUG scheduler Queued events for site dcode13.com
2022-11-24 13:10:02,975 INFO scheduler Scheduled Job Start: erpnext.manufacturing.doctype.bom_update_log.bom_update_log.resume_bom_cost_update_jobs for dcode13.com
2022-11-24 13:10:05,609 INFO scheduler Scheduled Job Complete: erpnext.manufacturing.doctype.bom_update_log.bom_update_log.resume_bom_cost_update_jobs for dcode13.com
2022-11-24 13:11:01,976 DEBUG scheduler Queued events for site dcode13.com
2022-11-24 13:12:02,365 DEBUG scheduler Queued events for site dcode13.com
2022-11-24 13:12:05,430 INFO scheduler Scheduled Job Start: erpnext.crm.doctype.social_media_post.social_media_post.process_scheduled_social_media_posts for dcode13.com
2022-11-24 13:12:07,158 INFO scheduler Scheduled Job Complete: erpnext.crm.doctype.social_media_post.social_media_post.process_scheduled_social_media_posts for dcode13.com
2022-11-24 13:12:07,235 INFO scheduler Scheduled Job Start: erpnext.hr.doctype.interview.interview.send_interview_reminder for dcode13.com
2022-11-24 13:12:07,770 INFO scheduler Scheduled Job Complete: erpnext.hr.doctype.interview.interview.send_interview_reminder for dcode13.com
2022-11-24 13:12:07,847 INFO scheduler Scheduled Job Start: erpnext.healthcare.doctype.patient_appointment.patient_appointment.send_appointment_reminder for dcode13.com
2022-11-24 13:12:08,421 INFO scheduler Scheduled Job Complete: erpnext.healthcare.doctype.patient_appointment.patient_appointment.send_appointment_reminder for dcode13.com
2022-11-24 13:12:08,501 INFO scheduler Scheduled Job Start: erpnext.projects.doctype.project.project.project_status_update_reminder for dcode13.com
2022-11-24 13:12:09,042 INFO scheduler Scheduled Job Complete: erpnext.projects.doctype.project.project.project_status_update_reminder for dcode13.com
2022-11-24 13:12:09,122 INFO scheduler Scheduled Job Start: frappe.monitor.flush for dcode13.com
2022-11-24 13:12:09,888 INFO scheduler Scheduled Job Complete: frappe.monitor.flush for dcode13.com
2022-11-24 13:12:10,004 INFO scheduler Scheduled Job Start: frappe.utils.global_search.sync_global_search for dcode13.com
2022-11-24 13:12:10,221 INFO scheduler Scheduled Job Complete: frappe.utils.global_search.sync_global_search for dcode13.com
2022-11-24 13:12:10,322 INFO scheduler Scheduled Job Start: frappe.integrations.doctype.razorpay_settings.razorpay_settings.capture_payment for dcode13.com
2022-11-24 13:12:11,251 INFO scheduler Scheduled Job Complete: frappe.integrations.doctype.razorpay_settings.razorpay_settings.capture_payment for dcode13.com
2022-11-24 13:12:11,330 INFO scheduler Scheduled Job Start: frappe.email.doctype.email_account.email_account.notify_unreplied for dcode13.com
2022-11-24 13:12:11,726 INFO scheduler Scheduled Job Complete: frappe.email.doctype.email_account.email_account.notify_unreplied for dcode13.com
2022-11-24 13:12:11,804 INFO scheduler Scheduled Job Start: frappe.email.doctype.email_account.email_account.pull for dcode13.com
2022-11-24 13:12:12,078 INFO scheduler Scheduled Job Complete: frappe.email.doctype.email_account.email_account.pull for dcode13.com
2022-11-24 13:12:12,155 INFO scheduler Scheduled Job Start: frappe.email.queue.flush for dcode13.com
2022-11-24 13:12:12,371 INFO scheduler Scheduled Job Complete: frappe.email.queue.flush for dcode13.com
2022-11-24 13:13:02,789 DEBUG scheduler Queued events for site dcode13.com
2022-11-24 13:14:03,176 DEBUG scheduler Queued events for site dcode13.com
2022-11-24 13:15:03,624 DEBUG scheduler Queued events for site dcode13.com
2022-11-24 13:15:06,629 INFO scheduler Scheduled Job Start: erpnext.manufacturing.doctype.bom_update_log.bom_update_log.resume_bom_cost_update_jobs for dcode13.com
2022-11-24 13:15:32,968 INFO scheduler Scheduled Job Complete: erpnext.manufacturing.doctype.bom_update_log.bom_update_log.resume_bom_cost_update_jobs for dcode13.com
