self=$$;  ( mysqldump --single-transaction --quick --lock-tables=false -u _39198196a8c9790b -p********** _39198196a8c9790b -h 127.0.0.1 -P 3306   || kill $self )  | /usr/bin/gzip >> ./dcode13.com/private/backups/20221117_180002-dcode13_com-database.sql.gz

Backup Summary for dcode13.com at 2022-11-17 18:00:41.962489
Config  : ./dcode13.com/private/backups/20221117_180002-dcode13_com-site_config_backup.json 94.0B
Database: ./dcode13.com/private/backups/20221117_180002-dcode13_com-database.sql.gz         338.3KiB
Backup for Site dcode13.com has been successfully completed
self=$$;  ( mysqldump --single-transaction --quick --lock-tables=false -u _39198196a8c9790b -p********** _39198196a8c9790b -h 127.0.0.1 -P 3306   || kill $self )  | /usr/bin/gzip >> ./dcode13.com/private/backups/20221118_120118-dcode13_com-database.sql.gz

Backup Summary for dcode13.com at 2022-11-18 12:01:31.442632
Config  : ./dcode13.com/private/backups/20221118_120118-dcode13_com-site_config_backup.json 225.0B
Database: ./dcode13.com/private/backups/20221118_120118-dcode13_com-database.sql.gz         1.8MiB
Backup for Site dcode13.com has been successfully completed
self=$$;  ( mysqldump --single-transaction --quick --lock-tables=false -u _39198196a8c9790b -p********** _39198196a8c9790b -h 127.0.0.1 -P 3306   || kill $self )  | /usr/bin/gzip >> ./dcode13.com/private/backups/20221118_180403-dcode13_com-database.sql.gz

Backup Summary for dcode13.com at 2022-11-18 18:07:01.602700
Config  : ./dcode13.com/private/backups/20221118_180403-dcode13_com-site_config_backup.json 225.0B
Database: ./dcode13.com/private/backups/20221118_180403-dcode13_com-database.sql.gz         1.8MiB
Backup for Site dcode13.com has been successfully completed
self=$$;  ( mysqldump --single-transaction --quick --lock-tables=false -u _39198196a8c9790b -p********** _39198196a8c9790b -h 127.0.0.1 -P 3306   || kill $self )  | /usr/bin/gzip >> ./dcode13.com/private/backups/20221119_120149-dcode13_com-database.sql.gz

Backup Summary for dcode13.com at 2022-11-19 12:01:59.877702
Config  : ./dcode13.com/private/backups/20221119_120149-dcode13_com-site_config_backup.json 225.0B
Database: ./dcode13.com/private/backups/20221119_120149-dcode13_com-database.sql.gz         1.8MiB
Backup for Site dcode13.com has been successfully completed
self=$$;  ( mysqldump --single-transaction --quick --lock-tables=false -u _39198196a8c9790b -p********** _39198196a8c9790b -h 127.0.0.1 -P 3306   || kill $self )  | /usr/bin/gzip >> ./dcode13.com/private/backups/20221121_120004-dcode13_com-database.sql.gz

Backup Summary for dcode13.com at 2022-11-21 12:00:20.227241
Config  : ./dcode13.com/private/backups/20221121_120004-dcode13_com-site_config_backup.json 247.0B
Database: ./dcode13.com/private/backups/20221121_120004-dcode13_com-database.sql.gz         1.8MiB
Backup for Site dcode13.com has been successfully completed
self=$$;  ( mysqldump --single-transaction --quick --lock-tables=false -u _39198196a8c9790b -p********** _39198196a8c9790b -h 127.0.0.1 -P 3306   || kill $self )  | /usr/bin/gzip >> ./dcode13.com/private/backups/20221121_180006-dcode13_com-database.sql.gz

Backup Summary for dcode13.com at 2022-11-21 18:02:30.640713
Config  : ./dcode13.com/private/backups/20221121_180006-dcode13_com-site_config_backup.json 247.0B
Database: ./dcode13.com/private/backups/20221121_180006-dcode13_com-database.sql.gz         1.9MiB
Backup for Site dcode13.com has been successfully completed
self=$$;  ( mysqldump --single-transaction --quick --lock-tables=false -u _39198196a8c9790b -p********** _39198196a8c9790b -h 127.0.0.1 -P 3306   || kill $self )  | /usr/bin/gzip >> ./dcode13.com/private/backups/20221122_120153-dcode13_com-database.sql.gz

Backup Summary for dcode13.com at 2022-11-22 12:02:03.340315
Config  : ./dcode13.com/private/backups/20221122_120153-dcode13_com-site_config_backup.json 247.0B
Database: ./dcode13.com/private/backups/20221122_120153-dcode13_com-database.sql.gz         1.9MiB
Backup for Site dcode13.com has been successfully completed
self=$$;  ( mysqldump --single-transaction --quick --lock-tables=false -u _39198196a8c9790b -p********** _39198196a8c9790b -h 127.0.0.1 -P 3306   || kill $self )  | /usr/bin/gzip >> ./dcode13.com/private/backups/20221122_180202-dcode13_com-database.sql.gz

Backup Summary for dcode13.com at 2022-11-22 18:02:40.666368
Config  : ./dcode13.com/private/backups/20221122_180202-dcode13_com-site_config_backup.json 247.0B
Database: ./dcode13.com/private/backups/20221122_180202-dcode13_com-database.sql.gz         1.9MiB
Backup for Site dcode13.com has been successfully completed
self=$$;  ( mysqldump --single-transaction --quick --lock-tables=false -u _39198196a8c9790b -p********** _39198196a8c9790b -h 127.0.0.1 -P 3306   || kill $self )  | /usr/bin/gzip >> ./dcode13.com/private/backups/20221123_120004-dcode13_com-database.sql.gz

Backup Summary for dcode13.com at 2022-11-23 12:00:19.743925
Config  : ./dcode13.com/private/backups/20221123_120004-dcode13_com-site_config_backup.json 247.0B
Database: ./dcode13.com/private/backups/20221123_120004-dcode13_com-database.sql.gz         1.9MiB
Backup for Site dcode13.com has been successfully completed
self=$$;  ( mysqldump --single-transaction --quick --lock-tables=false -u _39198196a8c9790b -p********** _39198196a8c9790b -h 127.0.0.1 -P 3306   || kill $self )  | /usr/bin/gzip >> ./dcode13.com/private/backups/20221123_180151-dcode13_com-database.sql.gz

Backup Summary for dcode13.com at 2022-11-23 18:01:54.768211
Config  : ./dcode13.com/private/backups/20221123_180151-dcode13_com-site_config_backup.json 247.0B
Database: ./dcode13.com/private/backups/20221123_180151-dcode13_com-database.sql.gz         1.9MiB
Backup for Site dcode13.com has been successfully completed
self=$$;  ( mysqldump --single-transaction --quick --lock-tables=false -u _39198196a8c9790b -p********** _39198196a8c9790b -h 127.0.0.1 -P 3306   || kill $self )  | /usr/bin/gzip >> ./dcode13.com/private/backups/20221124_120014-dcode13_com-database.sql.gz

Backup Summary for dcode13.com at 2022-11-24 12:01:39.030053
Config  : ./dcode13.com/private/backups/20221124_120014-dcode13_com-site_config_backup.json 247.0B
Database: ./dcode13.com/private/backups/20221124_120014-dcode13_com-database.sql.gz         1.9MiB
Backup for Site dcode13.com has been successfully completed
