2022-11-25 10:45:45,751 DEBUG scheduler Queued events for site dcode13.com
2022-11-25 10:45:46,544 INFO scheduler Scheduled Job Start: erpnext.manufacturing.doctype.bom_update_log.bom_update_log.resume_bom_cost_update_jobs for dcode13.com
2022-11-25 10:45:47,542 INFO scheduler Scheduled Job Complete: erpnext.manufacturing.doctype.bom_update_log.bom_update_log.resume_bom_cost_update_jobs for dcode13.com
2022-11-25 10:45:47,643 INFO scheduler Scheduled Job Start: frappe.twofactor.delete_all_barcodes_for_users for dcode13.com
2022-11-25 10:45:48,198 INFO scheduler Scheduled Job Complete: frappe.twofactor.delete_all_barcodes_for_users for dcode13.com
2022-11-25 10:45:48,339 INFO scheduler Scheduled Job Start: frappe.website.doctype.web_page.web_page.check_publish_status for dcode13.com
2022-11-25 10:45:49,162 INFO scheduler Scheduled Job Complete: frappe.website.doctype.web_page.web_page.check_publish_status for dcode13.com
2022-11-25 10:45:49,274 INFO scheduler Scheduled Job Start: frappe.oauth.delete_oauth2_data for dcode13.com
2022-11-25 10:45:49,937 INFO scheduler Scheduled Job Complete: frappe.oauth.delete_oauth2_data for dcode13.com
2022-11-25 10:46:46,445 DEBUG scheduler Queued events for site dcode13.com
2022-11-25 10:47:46,887 DEBUG scheduler Queued events for site dcode13.com
2022-11-25 10:48:47,417 DEBUG scheduler Queued events for site dcode13.com
2022-11-25 10:48:47,627 INFO scheduler Scheduled Job Start: erpnext.crm.doctype.social_media_post.social_media_post.process_scheduled_social_media_posts for dcode13.com
2022-11-25 10:48:48,402 INFO scheduler Scheduled Job Complete: erpnext.crm.doctype.social_media_post.social_media_post.process_scheduled_social_media_posts for dcode13.com
2022-11-25 10:48:48,507 INFO scheduler Scheduled Job Start: erpnext.hr.doctype.interview.interview.send_interview_reminder for dcode13.com
2022-11-25 10:48:48,836 INFO scheduler Scheduled Job Complete: erpnext.hr.doctype.interview.interview.send_interview_reminder for dcode13.com
2022-11-25 10:48:48,947 INFO scheduler Scheduled Job Start: erpnext.healthcare.doctype.patient_appointment.patient_appointment.send_appointment_reminder for dcode13.com
2022-11-25 10:48:49,362 INFO scheduler Scheduled Job Complete: erpnext.healthcare.doctype.patient_appointment.patient_appointment.send_appointment_reminder for dcode13.com
2022-11-25 10:48:49,472 INFO scheduler Scheduled Job Start: erpnext.projects.doctype.project.project.project_status_update_reminder for dcode13.com
2022-11-25 10:48:50,208 INFO scheduler Scheduled Job Complete: erpnext.projects.doctype.project.project.project_status_update_reminder for dcode13.com
2022-11-25 10:48:50,306 INFO scheduler Scheduled Job Start: frappe.monitor.flush for dcode13.com
2022-11-25 10:48:50,573 INFO scheduler Scheduled Job Complete: frappe.monitor.flush for dcode13.com
2022-11-25 10:48:50,743 INFO scheduler Scheduled Job Start: frappe.utils.global_search.sync_global_search for dcode13.com
2022-11-25 10:48:51,028 INFO scheduler Scheduled Job Complete: frappe.utils.global_search.sync_global_search for dcode13.com
2022-11-25 10:48:51,208 INFO scheduler Scheduled Job Start: frappe.integrations.doctype.razorpay_settings.razorpay_settings.capture_payment for dcode13.com
2022-11-25 10:48:52,007 INFO scheduler Scheduled Job Complete: frappe.integrations.doctype.razorpay_settings.razorpay_settings.capture_payment for dcode13.com
2022-11-25 10:48:52,128 INFO scheduler Scheduled Job Start: frappe.email.doctype.email_account.email_account.notify_unreplied for dcode13.com
2022-11-25 10:48:52,584 INFO scheduler Scheduled Job Complete: frappe.email.doctype.email_account.email_account.notify_unreplied for dcode13.com
2022-11-25 10:48:52,693 INFO scheduler Scheduled Job Start: frappe.email.doctype.email_account.email_account.pull for dcode13.com
2022-11-25 10:48:53,444 INFO scheduler Scheduled Job Complete: frappe.email.doctype.email_account.email_account.pull for dcode13.com
2022-11-25 10:48:53,543 INFO scheduler Scheduled Job Start: frappe.email.queue.flush for dcode13.com
2022-11-25 10:48:53,838 INFO scheduler Scheduled Job Complete: frappe.email.queue.flush for dcode13.com
2022-11-25 10:49:47,864 DEBUG scheduler Queued events for site dcode13.com
2022-11-25 10:50:48,258 DEBUG scheduler Queued events for site dcode13.com
2022-11-25 10:50:48,299 INFO scheduler Scheduled Job Start: erpnext.manufacturing.doctype.bom_update_log.bom_update_log.resume_bom_cost_update_jobs for dcode13.com
2022-11-25 10:50:48,806 INFO scheduler Scheduled Job Complete: erpnext.manufacturing.doctype.bom_update_log.bom_update_log.resume_bom_cost_update_jobs for dcode13.com
2022-11-25 10:51:48,708 DEBUG scheduler Queued events for site dcode13.com
2022-11-25 10:52:49,143 INFO scheduler Scheduled Job Start: erpnext.crm.doctype.social_media_post.social_media_post.process_scheduled_social_media_posts for dcode13.com
2022-11-25 10:52:49,239 DEBUG scheduler Queued events for site dcode13.com
2022-11-25 10:52:49,495 INFO scheduler Scheduled Job Complete: erpnext.crm.doctype.social_media_post.social_media_post.process_scheduled_social_media_posts for dcode13.com
2022-11-25 10:52:49,590 INFO scheduler Scheduled Job Start: erpnext.hr.doctype.interview.interview.send_interview_reminder for dcode13.com
2022-11-25 10:52:50,069 INFO scheduler Scheduled Job Complete: erpnext.hr.doctype.interview.interview.send_interview_reminder for dcode13.com
2022-11-25 10:52:50,168 INFO scheduler Scheduled Job Start: erpnext.healthcare.doctype.patient_appointment.patient_appointment.send_appointment_reminder for dcode13.com
2022-11-25 10:52:50,569 INFO scheduler Scheduled Job Complete: erpnext.healthcare.doctype.patient_appointment.patient_appointment.send_appointment_reminder for dcode13.com
2022-11-25 10:52:50,665 INFO scheduler Scheduled Job Start: erpnext.projects.doctype.project.project.project_status_update_reminder for dcode13.com
2022-11-25 10:52:51,161 INFO scheduler Scheduled Job Complete: erpnext.projects.doctype.project.project.project_status_update_reminder for dcode13.com
2022-11-25 10:52:51,263 INFO scheduler Scheduled Job Start: frappe.monitor.flush for dcode13.com
2022-11-25 10:52:51,525 INFO scheduler Scheduled Job Complete: frappe.monitor.flush for dcode13.com
2022-11-25 10:52:51,628 INFO scheduler Scheduled Job Start: frappe.utils.global_search.sync_global_search for dcode13.com
2022-11-25 10:52:51,923 INFO scheduler Scheduled Job Complete: frappe.utils.global_search.sync_global_search for dcode13.com
2022-11-25 10:52:52,016 INFO scheduler Scheduled Job Start: frappe.integrations.doctype.razorpay_settings.razorpay_settings.capture_payment for dcode13.com
2022-11-25 10:52:52,499 INFO scheduler Scheduled Job Complete: frappe.integrations.doctype.razorpay_settings.razorpay_settings.capture_payment for dcode13.com
2022-11-25 10:52:52,599 INFO scheduler Scheduled Job Start: frappe.email.doctype.email_account.email_account.notify_unreplied for dcode13.com
2022-11-25 10:52:52,980 INFO scheduler Scheduled Job Complete: frappe.email.doctype.email_account.email_account.notify_unreplied for dcode13.com
2022-11-25 10:52:53,082 INFO scheduler Scheduled Job Start: frappe.email.doctype.email_account.email_account.pull for dcode13.com
2022-11-25 10:52:53,593 INFO scheduler Scheduled Job Complete: frappe.email.doctype.email_account.email_account.pull for dcode13.com
2022-11-25 10:52:53,694 INFO scheduler Scheduled Job Start: frappe.email.queue.flush for dcode13.com
2022-11-25 10:52:53,976 INFO scheduler Scheduled Job Complete: frappe.email.queue.flush for dcode13.com
2022-11-25 10:53:49,696 DEBUG scheduler Queued events for site dcode13.com
2022-11-25 10:54:50,110 DEBUG scheduler Queued events for site dcode13.com
2022-11-25 10:55:50,501 INFO scheduler Scheduled Job Start: erpnext.manufacturing.doctype.bom_update_log.bom_update_log.resume_bom_cost_update_jobs for dcode13.com
2022-11-25 10:55:50,521 DEBUG scheduler Queued events for site dcode13.com
2022-11-25 10:55:51,069 INFO scheduler Scheduled Job Complete: erpnext.manufacturing.doctype.bom_update_log.bom_update_log.resume_bom_cost_update_jobs for dcode13.com
2022-11-25 10:56:50,958 INFO scheduler Scheduled Job Start: erpnext.crm.doctype.social_media_post.social_media_post.process_scheduled_social_media_posts for dcode13.com
2022-11-25 10:56:51,100 DEBUG scheduler Queued events for site dcode13.com
2022-11-25 10:56:51,412 INFO scheduler Scheduled Job Complete: erpnext.crm.doctype.social_media_post.social_media_post.process_scheduled_social_media_posts for dcode13.com
2022-11-25 10:56:51,517 INFO scheduler Scheduled Job Start: erpnext.hr.doctype.interview.interview.send_interview_reminder for dcode13.com
2022-11-25 10:56:51,894 INFO scheduler Scheduled Job Complete: erpnext.hr.doctype.interview.interview.send_interview_reminder for dcode13.com
2022-11-25 10:56:51,988 INFO scheduler Scheduled Job Start: erpnext.healthcare.doctype.patient_appointment.patient_appointment.send_appointment_reminder for dcode13.com
2022-11-25 10:56:52,397 INFO scheduler Scheduled Job Complete: erpnext.healthcare.doctype.patient_appointment.patient_appointment.send_appointment_reminder for dcode13.com
2022-11-25 10:56:52,499 INFO scheduler Scheduled Job Start: erpnext.projects.doctype.project.project.project_status_update_reminder for dcode13.com
2022-11-25 10:56:52,964 INFO scheduler Scheduled Job Complete: erpnext.projects.doctype.project.project.project_status_update_reminder for dcode13.com
2022-11-25 10:56:53,059 INFO scheduler Scheduled Job Start: frappe.monitor.flush for dcode13.com
2022-11-25 10:56:53,321 INFO scheduler Scheduled Job Complete: frappe.monitor.flush for dcode13.com
2022-11-25 10:56:53,433 INFO scheduler Scheduled Job Start: frappe.utils.global_search.sync_global_search for dcode13.com
2022-11-25 10:56:53,674 INFO scheduler Scheduled Job Complete: frappe.utils.global_search.sync_global_search for dcode13.com
2022-11-25 10:56:53,774 INFO scheduler Scheduled Job Start: frappe.integrations.doctype.razorpay_settings.razorpay_settings.capture_payment for dcode13.com
2022-11-25 10:56:54,218 INFO scheduler Scheduled Job Complete: frappe.integrations.doctype.razorpay_settings.razorpay_settings.capture_payment for dcode13.com
2022-11-25 10:56:54,320 INFO scheduler Scheduled Job Start: frappe.email.doctype.email_account.email_account.notify_unreplied for dcode13.com
2022-11-25 10:56:54,720 INFO scheduler Scheduled Job Complete: frappe.email.doctype.email_account.email_account.notify_unreplied for dcode13.com
2022-11-25 10:56:54,816 INFO scheduler Scheduled Job Start: frappe.email.doctype.email_account.email_account.pull for dcode13.com
2022-11-25 10:56:55,264 INFO scheduler Scheduled Job Complete: frappe.email.doctype.email_account.email_account.pull for dcode13.com
2022-11-25 10:56:55,364 INFO scheduler Scheduled Job Start: frappe.email.queue.flush for dcode13.com
2022-11-25 10:56:55,661 INFO scheduler Scheduled Job Complete: frappe.email.queue.flush for dcode13.com
2022-11-25 10:57:51,599 DEBUG scheduler Queued events for site dcode13.com
2022-11-25 10:58:51,969 DEBUG scheduler Queued events for site dcode13.com
2022-11-25 10:59:52,351 DEBUG scheduler Queued events for site dcode13.com
2022-11-25 11:00:52,786 INFO scheduler Scheduled Job Start: erpnext.erpnext_integrations.connectors.shopify_connection.sync_old_orders for dcode13.com
2022-11-25 11:00:53,143 DEBUG scheduler Queued events for site dcode13.com
2022-11-25 11:00:56,973 INFO scheduler Scheduled Job Complete: erpnext.erpnext_integrations.connectors.shopify_connection.sync_old_orders for dcode13.com
2022-11-25 11:00:57,108 INFO scheduler Scheduled Job Start: erpnext.support.doctype.issue.issue.set_service_level_agreement_variance for dcode13.com
2022-11-25 11:00:58,201 INFO scheduler Scheduled Job Complete: erpnext.support.doctype.issue.issue.set_service_level_agreement_variance for dcode13.com
2022-11-25 11:00:58,337 INFO scheduler Scheduled Job Start: erpnext.projects.doctype.project.project.collect_project_status for dcode13.com
2022-11-25 11:00:58,777 INFO scheduler Scheduled Job Complete: erpnext.projects.doctype.project.project.collect_project_status for dcode13.com
2022-11-25 11:00:58,891 INFO scheduler Scheduled Job Start: erpnext.projects.doctype.project.project.hourly_reminder for dcode13.com
2022-11-25 11:00:59,374 INFO scheduler Scheduled Job Complete: erpnext.projects.doctype.project.project.hourly_reminder for dcode13.com
2022-11-25 11:00:59,479 INFO scheduler Scheduled Job Start: erpnext.erpnext_integrations.doctype.plaid_settings.plaid_settings.automatic_synchronization for dcode13.com
2022-11-25 11:01:00,988 INFO scheduler Scheduled Job Complete: erpnext.erpnext_integrations.doctype.plaid_settings.plaid_settings.automatic_synchronization for dcode13.com
2022-11-25 11:01:01,161 INFO scheduler Scheduled Job Start: erpnext.erpnext_integrations.doctype.amazon_mws_settings.amazon_mws_settings.schedule_get_order_details for dcode13.com
2022-11-25 11:01:01,711 INFO scheduler Scheduled Job Complete: erpnext.erpnext_integrations.doctype.amazon_mws_settings.amazon_mws_settings.schedule_get_order_details for dcode13.com
2022-11-25 11:01:01,879 INFO scheduler Scheduled Job Start: erpnext.hr.doctype.shift_type.shift_type.process_auto_attendance_for_all_shifts for dcode13.com
2022-11-25 11:01:01,884 INFO scheduler Scheduled Job Start: erpnext.hr.doctype.daily_work_summary_group.daily_work_summary_group.trigger_emails for dcode13.com
2022-11-25 11:01:02,287 INFO scheduler Scheduled Job Complete: erpnext.hr.doctype.daily_work_summary_group.daily_work_summary_group.trigger_emails for dcode13.com
2022-11-25 11:01:02,463 INFO scheduler Scheduled Job Start: erpnext.crm.doctype.social_media_post.social_media_post.process_scheduled_social_media_posts for dcode13.com
2022-11-25 11:01:02,795 INFO scheduler Scheduled Job Complete: erpnext.crm.doctype.social_media_post.social_media_post.process_scheduled_social_media_posts for dcode13.com
2022-11-25 11:01:02,892 INFO scheduler Scheduled Job Start: erpnext.hr.doctype.interview.interview.send_interview_reminder for dcode13.com
2022-11-25 11:01:03,236 INFO scheduler Scheduled Job Complete: erpnext.hr.doctype.interview.interview.send_interview_reminder for dcode13.com
2022-11-25 11:01:03,335 INFO scheduler Scheduled Job Start: erpnext.healthcare.doctype.patient_appointment.patient_appointment.send_appointment_reminder for dcode13.com
2022-11-25 11:01:03,670 INFO scheduler Scheduled Job Complete: erpnext.healthcare.doctype.patient_appointment.patient_appointment.send_appointment_reminder for dcode13.com
2022-11-25 11:01:03,778 INFO scheduler Scheduled Job Start: erpnext.projects.doctype.project.project.project_status_update_reminder for dcode13.com
2022-11-25 11:01:04,246 INFO scheduler Scheduled Job Complete: erpnext.projects.doctype.project.project.project_status_update_reminder for dcode13.com
2022-11-25 11:01:04,351 INFO scheduler Scheduled Job Start: erpnext.utilities.doctype.video.video.update_youtube_data for dcode13.com
2022-11-25 11:01:06,057 INFO scheduler Scheduled Job Complete: erpnext.hr.doctype.shift_type.shift_type.process_auto_attendance_for_all_shifts for dcode13.com
2022-11-25 11:01:06,218 INFO scheduler Scheduled Job Start: erpnext.stock.doctype.repost_item_valuation.repost_item_valuation.repost_entries for dcode13.com
2022-11-25 11:01:06,248 INFO scheduler Scheduled Job Complete: erpnext.utilities.doctype.video.video.update_youtube_data for dcode13.com
2022-11-25 11:01:06,380 INFO scheduler Scheduled Job Start: erpnext.manufacturing.doctype.bom_update_log.bom_update_log.resume_bom_cost_update_jobs for dcode13.com
2022-11-25 11:01:06,680 INFO scheduler Scheduled Job Complete: erpnext.stock.doctype.repost_item_valuation.repost_item_valuation.repost_entries for dcode13.com
2022-11-25 11:01:06,830 INFO scheduler Scheduled Job Start: erpnext.accounts.doctype.subscription.subscription.process_all for dcode13.com
2022-11-25 11:01:06,848 INFO scheduler Scheduled Job Complete: erpnext.manufacturing.doctype.bom_update_log.bom_update_log.resume_bom_cost_update_jobs for dcode13.com
2022-11-25 11:01:06,995 INFO scheduler Scheduled Job Start: frappe.email.doctype.newsletter.newsletter.send_scheduled_email for dcode13.com
2022-11-25 11:01:07,561 INFO scheduler Scheduled Job Complete: erpnext.accounts.doctype.subscription.subscription.process_all for dcode13.com
2022-11-25 11:01:07,730 INFO scheduler Scheduled Job Complete: frappe.email.doctype.newsletter.newsletter.send_scheduled_email for dcode13.com
2022-11-25 11:01:07,862 INFO scheduler Scheduled Job Start: frappe.integrations.doctype.google_calendar.google_calendar.sync for dcode13.com
2022-11-25 11:01:09,540 INFO scheduler Scheduled Job Complete: frappe.integrations.doctype.google_calendar.google_calendar.sync for dcode13.com
2022-11-25 11:01:09,710 INFO scheduler Scheduled Job Start: frappe.desk.form.document_follow.send_hourly_updates for dcode13.com
2022-11-25 11:01:10,191 INFO scheduler Scheduled Job Complete: frappe.desk.form.document_follow.send_hourly_updates for dcode13.com
2022-11-25 11:01:10,302 INFO scheduler Scheduled Job Start: frappe.deferred_insert.save_to_db for dcode13.com
2022-11-25 11:01:10,735 INFO scheduler Scheduled Job Complete: frappe.deferred_insert.save_to_db for dcode13.com
2022-11-25 11:01:10,922 INFO scheduler Scheduled Job Start: frappe.desk.page.backups.backups.delete_downloadable_backups for dcode13.com
2022-11-25 11:01:11,475 INFO scheduler Scheduled Job Complete: frappe.desk.page.backups.backups.delete_downloadable_backups for dcode13.com
2022-11-25 11:01:12,108 INFO scheduler Scheduled Job Start: frappe.utils.error.collect_error_snapshots for dcode13.com
2022-11-25 11:01:13,013 INFO scheduler Scheduled Job Complete: frappe.utils.error.collect_error_snapshots for dcode13.com
2022-11-25 11:01:13,202 INFO scheduler Scheduled Job Start: frappe.model.utils.user_settings.sync_user_settings for dcode13.com
2022-11-25 11:01:13,558 INFO scheduler Scheduled Job Complete: frappe.model.utils.user_settings.sync_user_settings for dcode13.com
2022-11-25 11:01:13,670 INFO scheduler Scheduled Job Start: frappe.model.utils.link_count.update_link_count for dcode13.com
2022-11-25 11:01:14,028 INFO scheduler Scheduled Job Complete: frappe.model.utils.link_count.update_link_count for dcode13.com
2022-11-25 11:01:14,141 INFO scheduler Scheduled Job Start: frappe.monitor.flush for dcode13.com
2022-11-25 11:01:14,424 INFO scheduler Scheduled Job Complete: frappe.monitor.flush for dcode13.com
2022-11-25 11:01:14,509 INFO scheduler Scheduled Job Start: frappe.utils.global_search.sync_global_search for dcode13.com
2022-11-25 11:01:14,768 INFO scheduler Scheduled Job Complete: frappe.utils.global_search.sync_global_search for dcode13.com
2022-11-25 11:01:14,871 INFO scheduler Scheduled Job Start: frappe.integrations.doctype.razorpay_settings.razorpay_settings.capture_payment for dcode13.com
2022-11-25 11:01:15,299 INFO scheduler Scheduled Job Complete: frappe.integrations.doctype.razorpay_settings.razorpay_settings.capture_payment for dcode13.com
2022-11-25 11:01:15,390 INFO scheduler Scheduled Job Start: frappe.email.doctype.email_account.email_account.notify_unreplied for dcode13.com
2022-11-25 11:01:15,778 INFO scheduler Scheduled Job Complete: frappe.email.doctype.email_account.email_account.notify_unreplied for dcode13.com
2022-11-25 11:01:15,865 INFO scheduler Scheduled Job Start: frappe.email.doctype.email_account.email_account.pull for dcode13.com
2022-11-25 11:01:16,243 INFO scheduler Scheduled Job Complete: frappe.email.doctype.email_account.email_account.pull for dcode13.com
2022-11-25 11:01:16,330 INFO scheduler Scheduled Job Start: frappe.email.queue.flush for dcode13.com
2022-11-25 11:01:16,601 INFO scheduler Scheduled Job Complete: frappe.email.queue.flush for dcode13.com
2022-11-25 11:01:16,696 INFO scheduler Scheduled Job Start: frappe.twofactor.delete_all_barcodes_for_users for dcode13.com
2022-11-25 11:01:17,153 INFO scheduler Scheduled Job Complete: frappe.twofactor.delete_all_barcodes_for_users for dcode13.com
2022-11-25 11:01:17,256 INFO scheduler Scheduled Job Start: frappe.website.doctype.web_page.web_page.check_publish_status for dcode13.com
2022-11-25 11:01:17,780 INFO scheduler Scheduled Job Complete: frappe.website.doctype.web_page.web_page.check_publish_status for dcode13.com
2022-11-25 11:01:17,883 INFO scheduler Scheduled Job Start: frappe.oauth.delete_oauth2_data for dcode13.com
2022-11-25 11:01:18,292 INFO scheduler Scheduled Job Complete: frappe.oauth.delete_oauth2_data for dcode13.com
2022-11-25 11:01:53,533 DEBUG scheduler Queued events for site dcode13.com
2022-11-25 11:02:53,943 DEBUG scheduler Queued events for site dcode13.com
2022-11-25 11:03:54,323 DEBUG scheduler Queued events for site dcode13.com
2022-11-25 11:04:54,793 DEBUG scheduler Queued events for site dcode13.com
2022-11-25 11:04:55,238 INFO scheduler Scheduled Job Start: erpnext.crm.doctype.social_media_post.social_media_post.process_scheduled_social_media_posts for dcode13.com
2022-11-25 11:04:56,828 INFO scheduler Scheduled Job Complete: erpnext.crm.doctype.social_media_post.social_media_post.process_scheduled_social_media_posts for dcode13.com
2022-11-25 11:04:56,920 INFO scheduler Scheduled Job Start: erpnext.hr.doctype.interview.interview.send_interview_reminder for dcode13.com
2022-11-25 11:04:57,248 INFO scheduler Scheduled Job Complete: erpnext.hr.doctype.interview.interview.send_interview_reminder for dcode13.com
2022-11-25 11:04:57,346 INFO scheduler Scheduled Job Start: erpnext.healthcare.doctype.patient_appointment.patient_appointment.send_appointment_reminder for dcode13.com
2022-11-25 11:04:57,660 INFO scheduler Scheduled Job Complete: erpnext.healthcare.doctype.patient_appointment.patient_appointment.send_appointment_reminder for dcode13.com
2022-11-25 11:04:57,777 INFO scheduler Scheduled Job Start: erpnext.projects.doctype.project.project.project_status_update_reminder for dcode13.com
2022-11-25 11:04:58,186 INFO scheduler Scheduled Job Complete: erpnext.projects.doctype.project.project.project_status_update_reminder for dcode13.com
2022-11-25 11:04:58,295 INFO scheduler Scheduled Job Start: frappe.monitor.flush for dcode13.com
2022-11-25 11:04:58,551 INFO scheduler Scheduled Job Complete: frappe.monitor.flush for dcode13.com
2022-11-25 11:04:58,675 INFO scheduler Scheduled Job Start: frappe.utils.global_search.sync_global_search for dcode13.com
2022-11-25 11:04:58,938 INFO scheduler Scheduled Job Complete: frappe.utils.global_search.sync_global_search for dcode13.com
2022-11-25 11:04:59,023 INFO scheduler Scheduled Job Start: frappe.integrations.doctype.razorpay_settings.razorpay_settings.capture_payment for dcode13.com
2022-11-25 11:04:59,515 INFO scheduler Scheduled Job Complete: frappe.integrations.doctype.razorpay_settings.razorpay_settings.capture_payment for dcode13.com
2022-11-25 11:04:59,613 INFO scheduler Scheduled Job Start: frappe.email.doctype.email_account.email_account.notify_unreplied for dcode13.com
2022-11-25 11:05:00,008 INFO scheduler Scheduled Job Complete: frappe.email.doctype.email_account.email_account.notify_unreplied for dcode13.com
2022-11-25 11:05:00,114 INFO scheduler Scheduled Job Start: frappe.email.doctype.email_account.email_account.pull for dcode13.com
2022-11-25 11:05:00,518 INFO scheduler Scheduled Job Complete: frappe.email.doctype.email_account.email_account.pull for dcode13.com
2022-11-25 11:05:00,619 INFO scheduler Scheduled Job Start: frappe.email.queue.flush for dcode13.com
2022-11-25 11:05:00,958 INFO scheduler Scheduled Job Complete: frappe.email.queue.flush for dcode13.com
2022-11-25 11:05:55,301 DEBUG scheduler Queued events for site dcode13.com
2022-11-25 11:05:55,313 INFO scheduler Scheduled Job Start: erpnext.manufacturing.doctype.bom_update_log.bom_update_log.resume_bom_cost_update_jobs for dcode13.com
2022-11-25 11:05:55,831 INFO scheduler Scheduled Job Complete: erpnext.manufacturing.doctype.bom_update_log.bom_update_log.resume_bom_cost_update_jobs for dcode13.com
2022-11-25 11:06:55,780 DEBUG scheduler Queued events for site dcode13.com
2022-11-25 11:07:56,173 DEBUG scheduler Queued events for site dcode13.com
2022-11-25 11:08:56,532 INFO scheduler Scheduled Job Start: erpnext.crm.doctype.social_media_post.social_media_post.process_scheduled_social_media_posts for dcode13.com
2022-11-25 11:08:56,623 DEBUG scheduler Queued events for site dcode13.com
2022-11-25 11:08:56,917 INFO scheduler Scheduled Job Complete: erpnext.crm.doctype.social_media_post.social_media_post.process_scheduled_social_media_posts for dcode13.com
2022-11-25 11:08:57,014 INFO scheduler Scheduled Job Start: erpnext.hr.doctype.interview.interview.send_interview_reminder for dcode13.com
2022-11-25 11:08:57,387 INFO scheduler Scheduled Job Complete: erpnext.hr.doctype.interview.interview.send_interview_reminder for dcode13.com
2022-11-25 11:08:57,488 INFO scheduler Scheduled Job Start: erpnext.healthcare.doctype.patient_appointment.patient_appointment.send_appointment_reminder for dcode13.com
2022-11-25 11:08:57,835 INFO scheduler Scheduled Job Complete: erpnext.healthcare.doctype.patient_appointment.patient_appointment.send_appointment_reminder for dcode13.com
2022-11-25 11:08:57,930 INFO scheduler Scheduled Job Start: erpnext.projects.doctype.project.project.project_status_update_reminder for dcode13.com
2022-11-25 11:08:58,321 INFO scheduler Scheduled Job Complete: erpnext.projects.doctype.project.project.project_status_update_reminder for dcode13.com
2022-11-25 11:08:58,416 INFO scheduler Scheduled Job Start: frappe.monitor.flush for dcode13.com
2022-11-25 11:08:58,684 INFO scheduler Scheduled Job Complete: frappe.monitor.flush for dcode13.com
2022-11-25 11:08:58,792 INFO scheduler Scheduled Job Start: frappe.utils.global_search.sync_global_search for dcode13.com
2022-11-25 11:08:59,016 INFO scheduler Scheduled Job Complete: frappe.utils.global_search.sync_global_search for dcode13.com
2022-11-25 11:08:59,116 INFO scheduler Scheduled Job Start: frappe.integrations.doctype.razorpay_settings.razorpay_settings.capture_payment for dcode13.com
2022-11-25 11:08:59,564 INFO scheduler Scheduled Job Complete: frappe.integrations.doctype.razorpay_settings.razorpay_settings.capture_payment for dcode13.com
2022-11-25 11:08:59,660 INFO scheduler Scheduled Job Start: frappe.email.doctype.email_account.email_account.notify_unreplied for dcode13.com
2022-11-25 11:09:00,099 INFO scheduler Scheduled Job Complete: frappe.email.doctype.email_account.email_account.notify_unreplied for dcode13.com
2022-11-25 11:09:00,193 INFO scheduler Scheduled Job Start: frappe.email.doctype.email_account.email_account.pull for dcode13.com
2022-11-25 11:09:00,578 INFO scheduler Scheduled Job Complete: frappe.email.doctype.email_account.email_account.pull for dcode13.com
2022-11-25 11:09:00,672 INFO scheduler Scheduled Job Start: frappe.email.queue.flush for dcode13.com
2022-11-25 11:09:00,939 INFO scheduler Scheduled Job Complete: frappe.email.queue.flush for dcode13.com
2022-11-25 11:09:57,083 DEBUG scheduler Queued events for site dcode13.com
2022-11-25 11:10:57,437 DEBUG scheduler Queued events for site dcode13.com
2022-11-25 11:10:57,745 INFO scheduler Scheduled Job Start: erpnext.manufacturing.doctype.bom_update_log.bom_update_log.resume_bom_cost_update_jobs for dcode13.com
2022-11-25 11:10:58,945 INFO scheduler Scheduled Job Complete: erpnext.manufacturing.doctype.bom_update_log.bom_update_log.resume_bom_cost_update_jobs for dcode13.com
2022-11-25 11:11:57,851 DEBUG scheduler Queued events for site dcode13.com
2022-11-25 11:12:58,247 INFO scheduler Scheduled Job Start: erpnext.crm.doctype.social_media_post.social_media_post.process_scheduled_social_media_posts for dcode13.com
2022-11-25 11:12:58,335 DEBUG scheduler Queued events for site dcode13.com
2022-11-25 11:12:58,568 INFO scheduler Scheduled Job Complete: erpnext.crm.doctype.social_media_post.social_media_post.process_scheduled_social_media_posts for dcode13.com
2022-11-25 11:12:58,686 INFO scheduler Scheduled Job Start: erpnext.hr.doctype.interview.interview.send_interview_reminder for dcode13.com
2022-11-25 11:12:59,066 INFO scheduler Scheduled Job Complete: erpnext.hr.doctype.interview.interview.send_interview_reminder for dcode13.com
2022-11-25 11:12:59,164 INFO scheduler Scheduled Job Start: erpnext.healthcare.doctype.patient_appointment.patient_appointment.send_appointment_reminder for dcode13.com
2022-11-25 11:12:59,506 INFO scheduler Scheduled Job Complete: erpnext.healthcare.doctype.patient_appointment.patient_appointment.send_appointment_reminder for dcode13.com
2022-11-25 11:12:59,600 INFO scheduler Scheduled Job Start: erpnext.projects.doctype.project.project.project_status_update_reminder for dcode13.com
2022-11-25 11:13:00,158 INFO scheduler Scheduled Job Complete: erpnext.projects.doctype.project.project.project_status_update_reminder for dcode13.com
2022-11-25 11:13:00,256 INFO scheduler Scheduled Job Start: frappe.monitor.flush for dcode13.com
2022-11-25 11:13:00,520 INFO scheduler Scheduled Job Complete: frappe.monitor.flush for dcode13.com
2022-11-25 11:13:00,614 INFO scheduler Scheduled Job Start: frappe.utils.global_search.sync_global_search for dcode13.com
2022-11-25 11:13:00,897 INFO scheduler Scheduled Job Complete: frappe.utils.global_search.sync_global_search for dcode13.com
2022-11-25 11:13:00,989 INFO scheduler Scheduled Job Start: frappe.integrations.doctype.razorpay_settings.razorpay_settings.capture_payment for dcode13.com
2022-11-25 11:13:01,460 INFO scheduler Scheduled Job Complete: frappe.integrations.doctype.razorpay_settings.razorpay_settings.capture_payment for dcode13.com
2022-11-25 11:13:01,559 INFO scheduler Scheduled Job Start: frappe.email.doctype.email_account.email_account.notify_unreplied for dcode13.com
2022-11-25 11:13:01,925 INFO scheduler Scheduled Job Complete: frappe.email.doctype.email_account.email_account.notify_unreplied for dcode13.com
2022-11-25 11:13:02,035 INFO scheduler Scheduled Job Start: frappe.email.doctype.email_account.email_account.pull for dcode13.com
2022-11-25 11:13:02,504 INFO scheduler Scheduled Job Complete: frappe.email.doctype.email_account.email_account.pull for dcode13.com
2022-11-25 11:13:02,595 INFO scheduler Scheduled Job Start: frappe.email.queue.flush for dcode13.com
2022-11-25 11:13:02,884 INFO scheduler Scheduled Job Complete: frappe.email.queue.flush for dcode13.com
2022-11-25 11:13:58,711 DEBUG scheduler Queued events for site dcode13.com
2022-11-25 11:14:59,114 DEBUG scheduler Queued events for site dcode13.com
2022-11-25 11:15:59,530 INFO scheduler Scheduled Job Start: erpnext.manufacturing.doctype.bom_update_log.bom_update_log.resume_bom_cost_update_jobs for dcode13.com
2022-11-25 11:15:59,565 DEBUG scheduler Queued events for site dcode13.com
2022-11-25 11:16:00,087 INFO scheduler Scheduled Job Complete: erpnext.manufacturing.doctype.bom_update_log.bom_update_log.resume_bom_cost_update_jobs for dcode13.com
2022-11-25 11:16:00,235 INFO scheduler Scheduled Job Start: frappe.twofactor.delete_all_barcodes_for_users for dcode13.com
2022-11-25 11:16:00,716 INFO scheduler Scheduled Job Complete: frappe.twofactor.delete_all_barcodes_for_users for dcode13.com
2022-11-25 11:16:00,823 INFO scheduler Scheduled Job Start: frappe.website.doctype.web_page.web_page.check_publish_status for dcode13.com
2022-11-25 11:16:01,333 INFO scheduler Scheduled Job Complete: frappe.website.doctype.web_page.web_page.check_publish_status for dcode13.com
2022-11-25 11:16:01,455 INFO scheduler Scheduled Job Start: frappe.oauth.delete_oauth2_data for dcode13.com
2022-11-25 11:16:01,923 INFO scheduler Scheduled Job Complete: frappe.oauth.delete_oauth2_data for dcode13.com
2022-11-25 11:16:59,912 INFO scheduler Scheduled Job Start: erpnext.crm.doctype.social_media_post.social_media_post.process_scheduled_social_media_posts for dcode13.com
2022-11-25 11:17:00,033 DEBUG scheduler Queued events for site dcode13.com
2022-11-25 11:17:00,263 INFO scheduler Scheduled Job Complete: erpnext.crm.doctype.social_media_post.social_media_post.process_scheduled_social_media_posts for dcode13.com
2022-11-25 11:17:00,351 INFO scheduler Scheduled Job Start: erpnext.hr.doctype.interview.interview.send_interview_reminder for dcode13.com
2022-11-25 11:17:00,708 INFO scheduler Scheduled Job Complete: erpnext.hr.doctype.interview.interview.send_interview_reminder for dcode13.com
2022-11-25 11:17:00,804 INFO scheduler Scheduled Job Start: erpnext.healthcare.doctype.patient_appointment.patient_appointment.send_appointment_reminder for dcode13.com
2022-11-25 11:17:01,115 INFO scheduler Scheduled Job Complete: erpnext.healthcare.doctype.patient_appointment.patient_appointment.send_appointment_reminder for dcode13.com
2022-11-25 11:17:01,210 INFO scheduler Scheduled Job Start: erpnext.projects.doctype.project.project.project_status_update_reminder for dcode13.com
2022-11-25 11:17:01,632 INFO scheduler Scheduled Job Complete: erpnext.projects.doctype.project.project.project_status_update_reminder for dcode13.com
2022-11-25 11:17:01,734 INFO scheduler Scheduled Job Start: frappe.monitor.flush for dcode13.com
2022-11-25 11:17:02,003 INFO scheduler Scheduled Job Complete: frappe.monitor.flush for dcode13.com
2022-11-25 11:17:02,103 INFO scheduler Scheduled Job Start: frappe.utils.global_search.sync_global_search for dcode13.com
2022-11-25 11:17:02,436 INFO scheduler Scheduled Job Complete: frappe.utils.global_search.sync_global_search for dcode13.com
2022-11-25 11:17:02,557 INFO scheduler Scheduled Job Start: frappe.integrations.doctype.razorpay_settings.razorpay_settings.capture_payment for dcode13.com
2022-11-25 11:17:02,960 INFO scheduler Scheduled Job Complete: frappe.integrations.doctype.razorpay_settings.razorpay_settings.capture_payment for dcode13.com
2022-11-25 11:17:03,064 INFO scheduler Scheduled Job Start: frappe.email.doctype.email_account.email_account.notify_unreplied for dcode13.com
2022-11-25 11:17:03,467 INFO scheduler Scheduled Job Complete: frappe.email.doctype.email_account.email_account.notify_unreplied for dcode13.com
2022-11-25 11:17:03,567 INFO scheduler Scheduled Job Start: frappe.email.doctype.email_account.email_account.pull for dcode13.com
2022-11-25 11:17:03,950 INFO scheduler Scheduled Job Complete: frappe.email.doctype.email_account.email_account.pull for dcode13.com
2022-11-25 11:17:04,046 INFO scheduler Scheduled Job Start: frappe.email.queue.flush for dcode13.com
2022-11-25 11:17:04,333 INFO scheduler Scheduled Job Complete: frappe.email.queue.flush for dcode13.com
2022-11-25 11:18:00,456 DEBUG scheduler Queued events for site dcode13.com
2022-11-25 11:19:00,828 DEBUG scheduler Queued events for site dcode13.com
2022-11-25 11:20:01,259 INFO scheduler Scheduled Job Start: erpnext.crm.doctype.social_media_post.social_media_post.process_scheduled_social_media_posts for dcode13.com
2022-11-25 11:20:01,363 DEBUG scheduler Queued events for site dcode13.com
2022-11-25 11:20:01,689 INFO scheduler Scheduled Job Complete: erpnext.crm.doctype.social_media_post.social_media_post.process_scheduled_social_media_posts for dcode13.com
2022-11-25 11:20:01,780 INFO scheduler Scheduled Job Start: erpnext.hr.doctype.interview.interview.send_interview_reminder for dcode13.com
2022-11-25 11:20:02,107 INFO scheduler Scheduled Job Complete: erpnext.hr.doctype.interview.interview.send_interview_reminder for dcode13.com
2022-11-25 11:20:02,204 INFO scheduler Scheduled Job Start: erpnext.healthcare.doctype.patient_appointment.patient_appointment.send_appointment_reminder for dcode13.com
2022-11-25 11:20:02,488 INFO scheduler Scheduled Job Complete: erpnext.healthcare.doctype.patient_appointment.patient_appointment.send_appointment_reminder for dcode13.com
2022-11-25 11:20:02,581 INFO scheduler Scheduled Job Start: erpnext.projects.doctype.project.project.project_status_update_reminder for dcode13.com
2022-11-25 11:20:03,000 INFO scheduler Scheduled Job Complete: erpnext.projects.doctype.project.project.project_status_update_reminder for dcode13.com
2022-11-25 11:20:03,139 INFO scheduler Scheduled Job Start: erpnext.manufacturing.doctype.bom_update_log.bom_update_log.resume_bom_cost_update_jobs for dcode13.com
2022-11-25 11:20:03,553 INFO scheduler Scheduled Job Complete: erpnext.manufacturing.doctype.bom_update_log.bom_update_log.resume_bom_cost_update_jobs for dcode13.com
2022-11-25 11:20:03,663 INFO scheduler Scheduled Job Start: frappe.monitor.flush for dcode13.com
2022-11-25 11:20:03,952 INFO scheduler Scheduled Job Complete: frappe.monitor.flush for dcode13.com
2022-11-25 11:20:04,069 INFO scheduler Scheduled Job Start: frappe.utils.global_search.sync_global_search for dcode13.com
2022-11-25 11:20:04,338 INFO scheduler Scheduled Job Complete: frappe.utils.global_search.sync_global_search for dcode13.com
2022-11-25 11:20:04,435 INFO scheduler Scheduled Job Start: frappe.integrations.doctype.razorpay_settings.razorpay_settings.capture_payment for dcode13.com
2022-11-25 11:20:04,895 INFO scheduler Scheduled Job Complete: frappe.integrations.doctype.razorpay_settings.razorpay_settings.capture_payment for dcode13.com
2022-11-25 11:20:04,988 INFO scheduler Scheduled Job Start: frappe.email.doctype.email_account.email_account.notify_unreplied for dcode13.com
2022-11-25 11:20:05,332 INFO scheduler Scheduled Job Complete: frappe.email.doctype.email_account.email_account.notify_unreplied for dcode13.com
2022-11-25 11:20:05,428 INFO scheduler Scheduled Job Start: frappe.email.doctype.email_account.email_account.pull for dcode13.com
2022-11-25 11:20:05,826 INFO scheduler Scheduled Job Complete: frappe.email.doctype.email_account.email_account.pull for dcode13.com
2022-11-25 11:20:05,925 INFO scheduler Scheduled Job Start: frappe.email.queue.flush for dcode13.com
2022-11-25 11:20:06,182 INFO scheduler Scheduled Job Complete: frappe.email.queue.flush for dcode13.com
2022-11-25 11:21:01,855 DEBUG scheduler Queued events for site dcode13.com
2022-11-25 11:22:02,252 DEBUG scheduler Queued events for site dcode13.com
2022-11-25 11:23:02,604 DEBUG scheduler Queued events for site dcode13.com
2022-11-25 11:24:02,956 INFO scheduler Scheduled Job Start: erpnext.crm.doctype.social_media_post.social_media_post.process_scheduled_social_media_posts for dcode13.com
2022-11-25 11:24:03,041 DEBUG scheduler Queued events for site dcode13.com
2022-11-25 11:24:03,294 INFO scheduler Scheduled Job Complete: erpnext.crm.doctype.social_media_post.social_media_post.process_scheduled_social_media_posts for dcode13.com
2022-11-25 11:24:03,379 INFO scheduler Scheduled Job Start: erpnext.hr.doctype.interview.interview.send_interview_reminder for dcode13.com
2022-11-25 11:24:03,638 INFO scheduler Scheduled Job Complete: erpnext.hr.doctype.interview.interview.send_interview_reminder for dcode13.com
2022-11-25 11:24:03,718 INFO scheduler Scheduled Job Start: erpnext.healthcare.doctype.patient_appointment.patient_appointment.send_appointment_reminder for dcode13.com
2022-11-25 11:24:03,999 INFO scheduler Scheduled Job Complete: erpnext.healthcare.doctype.patient_appointment.patient_appointment.send_appointment_reminder for dcode13.com
2022-11-25 11:24:04,110 INFO scheduler Scheduled Job Start: erpnext.projects.doctype.project.project.project_status_update_reminder for dcode13.com
2022-11-25 11:24:04,467 INFO scheduler Scheduled Job Complete: erpnext.projects.doctype.project.project.project_status_update_reminder for dcode13.com
2022-11-25 11:24:04,546 INFO scheduler Scheduled Job Start: frappe.monitor.flush for dcode13.com
2022-11-25 11:24:04,825 INFO scheduler Scheduled Job Complete: frappe.monitor.flush for dcode13.com
2022-11-25 11:24:05,003 INFO scheduler Scheduled Job Start: frappe.utils.global_search.sync_global_search for dcode13.com
2022-11-25 11:24:05,233 INFO scheduler Scheduled Job Complete: frappe.utils.global_search.sync_global_search for dcode13.com
2022-11-25 11:24:05,336 INFO scheduler Scheduled Job Start: frappe.integrations.doctype.razorpay_settings.razorpay_settings.capture_payment for dcode13.com
2022-11-25 11:24:05,675 INFO scheduler Scheduled Job Complete: frappe.integrations.doctype.razorpay_settings.razorpay_settings.capture_payment for dcode13.com
2022-11-25 11:24:05,755 INFO scheduler Scheduled Job Start: frappe.email.doctype.email_account.email_account.notify_unreplied for dcode13.com
2022-11-25 11:24:06,100 INFO scheduler Scheduled Job Complete: frappe.email.doctype.email_account.email_account.notify_unreplied for dcode13.com
2022-11-25 11:24:06,194 INFO scheduler Scheduled Job Start: frappe.email.doctype.email_account.email_account.pull for dcode13.com
2022-11-25 11:24:06,550 INFO scheduler Scheduled Job Complete: frappe.email.doctype.email_account.email_account.pull for dcode13.com
2022-11-25 11:24:06,642 INFO scheduler Scheduled Job Start: frappe.email.queue.flush for dcode13.com
2022-11-25 11:24:06,920 INFO scheduler Scheduled Job Complete: frappe.email.queue.flush for dcode13.com
2022-11-25 11:25:03,355 INFO scheduler Scheduled Job Start: erpnext.manufacturing.doctype.bom_update_log.bom_update_log.resume_bom_cost_update_jobs for dcode13.com
2022-11-25 11:25:03,398 DEBUG scheduler Queued events for site dcode13.com
2022-11-25 11:25:03,776 INFO scheduler Scheduled Job Complete: erpnext.manufacturing.doctype.bom_update_log.bom_update_log.resume_bom_cost_update_jobs for dcode13.com
2022-11-25 11:26:03,718 DEBUG scheduler Queued events for site dcode13.com
2022-11-25 11:27:04,025 DEBUG scheduler Queued events for site dcode13.com
2022-11-25 11:28:04,326 INFO scheduler Scheduled Job Start: erpnext.crm.doctype.social_media_post.social_media_post.process_scheduled_social_media_posts for dcode13.com
2022-11-25 11:28:04,458 DEBUG scheduler Queued events for site dcode13.com
2022-11-25 11:28:04,663 INFO scheduler Scheduled Job Complete: erpnext.crm.doctype.social_media_post.social_media_post.process_scheduled_social_media_posts for dcode13.com
2022-11-25 11:28:04,750 INFO scheduler Scheduled Job Start: erpnext.hr.doctype.interview.interview.send_interview_reminder for dcode13.com
2022-11-25 11:28:05,007 INFO scheduler Scheduled Job Complete: erpnext.hr.doctype.interview.interview.send_interview_reminder for dcode13.com
2022-11-25 11:28:05,086 INFO scheduler Scheduled Job Start: erpnext.healthcare.doctype.patient_appointment.patient_appointment.send_appointment_reminder for dcode13.com
2022-11-25 11:28:05,375 INFO scheduler Scheduled Job Complete: erpnext.healthcare.doctype.patient_appointment.patient_appointment.send_appointment_reminder for dcode13.com
2022-11-25 11:28:05,454 INFO scheduler Scheduled Job Start: erpnext.projects.doctype.project.project.project_status_update_reminder for dcode13.com
2022-11-25 11:28:05,843 INFO scheduler Scheduled Job Complete: erpnext.projects.doctype.project.project.project_status_update_reminder for dcode13.com
2022-11-25 11:28:05,923 INFO scheduler Scheduled Job Start: frappe.monitor.flush for dcode13.com
2022-11-25 11:28:06,162 INFO scheduler Scheduled Job Complete: frappe.monitor.flush for dcode13.com
2022-11-25 11:28:06,262 INFO scheduler Scheduled Job Start: frappe.utils.global_search.sync_global_search for dcode13.com
2022-11-25 11:28:06,483 INFO scheduler Scheduled Job Complete: frappe.utils.global_search.sync_global_search for dcode13.com
2022-11-25 11:28:06,592 INFO scheduler Scheduled Job Start: frappe.integrations.doctype.razorpay_settings.razorpay_settings.capture_payment for dcode13.com
2022-11-25 11:28:06,924 INFO scheduler Scheduled Job Complete: frappe.integrations.doctype.razorpay_settings.razorpay_settings.capture_payment for dcode13.com
2022-11-25 11:28:07,009 INFO scheduler Scheduled Job Start: frappe.email.doctype.email_account.email_account.notify_unreplied for dcode13.com
2022-11-25 11:28:07,382 INFO scheduler Scheduled Job Complete: frappe.email.doctype.email_account.email_account.notify_unreplied for dcode13.com
2022-11-25 11:28:07,462 INFO scheduler Scheduled Job Start: frappe.email.doctype.email_account.email_account.pull for dcode13.com
2022-11-25 11:28:07,814 INFO scheduler Scheduled Job Complete: frappe.email.doctype.email_account.email_account.pull for dcode13.com
2022-11-25 11:28:07,896 INFO scheduler Scheduled Job Start: frappe.email.queue.flush for dcode13.com
2022-11-25 11:28:08,167 INFO scheduler Scheduled Job Complete: frappe.email.queue.flush for dcode13.com
2022-11-25 11:29:04,933 DEBUG scheduler Queued events for site dcode13.com
2022-11-25 11:30:05,226 INFO scheduler Scheduled Job Start: erpnext.accounts.doctype.gl_entry.gl_entry.rename_gle_sle_docs for dcode13.com
2022-11-25 11:30:05,261 DEBUG scheduler Queued events for site dcode13.com
2022-11-25 11:30:05,723 INFO scheduler Scheduled Job Complete: erpnext.accounts.doctype.gl_entry.gl_entry.rename_gle_sle_docs for dcode13.com
2022-11-25 11:30:05,830 INFO scheduler Scheduled Job Start: erpnext.utilities.doctype.video.video.update_youtube_data for dcode13.com
2022-11-25 11:30:06,334 INFO scheduler Scheduled Job Complete: erpnext.utilities.doctype.video.video.update_youtube_data for dcode13.com
2022-11-25 11:30:06,432 INFO scheduler Scheduled Job Start: erpnext.manufacturing.doctype.bom_update_log.bom_update_log.resume_bom_cost_update_jobs for dcode13.com
2022-11-25 11:30:06,907 INFO scheduler Scheduled Job Complete: erpnext.manufacturing.doctype.bom_update_log.bom_update_log.resume_bom_cost_update_jobs for dcode13.com
2022-11-25 11:30:07,009 INFO scheduler Scheduled Job Start: frappe.twofactor.delete_all_barcodes_for_users for dcode13.com
2022-11-25 11:30:07,382 INFO scheduler Scheduled Job Complete: frappe.twofactor.delete_all_barcodes_for_users for dcode13.com
2022-11-25 11:30:07,473 INFO scheduler Scheduled Job Start: frappe.website.doctype.web_page.web_page.check_publish_status for dcode13.com
2022-11-25 11:30:07,947 INFO scheduler Scheduled Job Complete: frappe.website.doctype.web_page.web_page.check_publish_status for dcode13.com
2022-11-25 11:30:08,043 INFO scheduler Scheduled Job Start: frappe.oauth.delete_oauth2_data for dcode13.com
2022-11-25 11:30:08,528 INFO scheduler Scheduled Job Complete: frappe.oauth.delete_oauth2_data for dcode13.com
2022-11-25 11:31:05,639 DEBUG scheduler Queued events for site dcode13.com
2022-11-25 11:32:05,938 INFO scheduler Scheduled Job Start: erpnext.crm.doctype.social_media_post.social_media_post.process_scheduled_social_media_posts for dcode13.com
2022-11-25 11:32:05,991 DEBUG scheduler Queued events for site dcode13.com
2022-11-25 11:32:06,215 INFO scheduler Scheduled Job Complete: erpnext.crm.doctype.social_media_post.social_media_post.process_scheduled_social_media_posts for dcode13.com
2022-11-25 11:32:06,291 INFO scheduler Scheduled Job Start: erpnext.hr.doctype.interview.interview.send_interview_reminder for dcode13.com
2022-11-25 11:32:06,538 INFO scheduler Scheduled Job Complete: erpnext.hr.doctype.interview.interview.send_interview_reminder for dcode13.com
2022-11-25 11:32:06,621 INFO scheduler Scheduled Job Start: erpnext.healthcare.doctype.patient_appointment.patient_appointment.send_appointment_reminder for dcode13.com
2022-11-25 11:32:06,903 INFO scheduler Scheduled Job Complete: erpnext.healthcare.doctype.patient_appointment.patient_appointment.send_appointment_reminder for dcode13.com
2022-11-25 11:32:06,983 INFO scheduler Scheduled Job Start: erpnext.projects.doctype.project.project.project_status_update_reminder for dcode13.com
2022-11-25 11:32:07,372 INFO scheduler Scheduled Job Complete: erpnext.projects.doctype.project.project.project_status_update_reminder for dcode13.com
2022-11-25 11:32:07,456 INFO scheduler Scheduled Job Start: frappe.monitor.flush for dcode13.com
2022-11-25 11:32:07,693 INFO scheduler Scheduled Job Complete: frappe.monitor.flush for dcode13.com
2022-11-25 11:32:07,810 INFO scheduler Scheduled Job Start: frappe.utils.global_search.sync_global_search for dcode13.com
2022-11-25 11:32:08,060 INFO scheduler Scheduled Job Complete: frappe.utils.global_search.sync_global_search for dcode13.com
2022-11-25 11:32:08,164 INFO scheduler Scheduled Job Start: frappe.integrations.doctype.razorpay_settings.razorpay_settings.capture_payment for dcode13.com
2022-11-25 11:32:08,577 INFO scheduler Scheduled Job Complete: frappe.integrations.doctype.razorpay_settings.razorpay_settings.capture_payment for dcode13.com
2022-11-25 11:32:08,654 INFO scheduler Scheduled Job Start: frappe.email.doctype.email_account.email_account.notify_unreplied for dcode13.com
2022-11-25 11:32:08,984 INFO scheduler Scheduled Job Complete: frappe.email.doctype.email_account.email_account.notify_unreplied for dcode13.com
2022-11-25 11:32:09,063 INFO scheduler Scheduled Job Start: frappe.email.doctype.email_account.email_account.pull for dcode13.com
2022-11-25 11:32:09,393 INFO scheduler Scheduled Job Complete: frappe.email.doctype.email_account.email_account.pull for dcode13.com
2022-11-25 11:32:09,477 INFO scheduler Scheduled Job Start: frappe.email.queue.flush for dcode13.com
2022-11-25 11:32:09,739 INFO scheduler Scheduled Job Complete: frappe.email.queue.flush for dcode13.com
2022-11-25 11:33:06,397 DEBUG scheduler Queued events for site dcode13.com
2022-11-25 11:34:06,699 DEBUG scheduler Queued events for site dcode13.com
2022-11-25 11:35:07,126 INFO scheduler Scheduled Job Start: erpnext.manufacturing.doctype.bom_update_log.bom_update_log.resume_bom_cost_update_jobs for dcode13.com
2022-11-25 11:35:07,154 DEBUG scheduler Queued events for site dcode13.com
2022-11-25 11:35:07,584 INFO scheduler Scheduled Job Complete: erpnext.manufacturing.doctype.bom_update_log.bom_update_log.resume_bom_cost_update_jobs for dcode13.com
2022-11-25 11:51:17,080 DEBUG scheduler Queued events for site dcode13.com
2022-11-25 11:51:17,208 INFO scheduler Scheduled Job Start: erpnext.crm.doctype.social_media_post.social_media_post.process_scheduled_social_media_posts for dcode13.com
2022-11-25 11:51:18,401 INFO scheduler Scheduled Job Complete: erpnext.crm.doctype.social_media_post.social_media_post.process_scheduled_social_media_posts for dcode13.com
2022-11-25 11:51:18,477 INFO scheduler Scheduled Job Start: erpnext.hr.doctype.interview.interview.send_interview_reminder for dcode13.com
2022-11-25 11:51:18,932 INFO scheduler Scheduled Job Complete: erpnext.hr.doctype.interview.interview.send_interview_reminder for dcode13.com
2022-11-25 11:51:19,008 INFO scheduler Scheduled Job Start: erpnext.healthcare.doctype.patient_appointment.patient_appointment.send_appointment_reminder for dcode13.com
2022-11-25 11:51:19,508 INFO scheduler Scheduled Job Complete: erpnext.healthcare.doctype.patient_appointment.patient_appointment.send_appointment_reminder for dcode13.com
2022-11-25 11:51:19,583 INFO scheduler Scheduled Job Start: erpnext.projects.doctype.project.project.project_status_update_reminder for dcode13.com
2022-11-25 11:51:20,236 INFO scheduler Scheduled Job Complete: erpnext.projects.doctype.project.project.project_status_update_reminder for dcode13.com
2022-11-25 11:51:20,312 INFO scheduler Scheduled Job Start: erpnext.manufacturing.doctype.bom_update_log.bom_update_log.resume_bom_cost_update_jobs for dcode13.com
2022-11-25 11:51:21,184 INFO scheduler Scheduled Job Complete: erpnext.manufacturing.doctype.bom_update_log.bom_update_log.resume_bom_cost_update_jobs for dcode13.com
2022-11-25 11:51:21,276 INFO scheduler Scheduled Job Start: frappe.monitor.flush for dcode13.com
2022-11-25 11:51:21,461 INFO scheduler Scheduled Job Complete: frappe.monitor.flush for dcode13.com
2022-11-25 11:51:21,537 INFO scheduler Scheduled Job Start: frappe.utils.global_search.sync_global_search for dcode13.com
2022-11-25 11:51:21,783 INFO scheduler Scheduled Job Complete: frappe.utils.global_search.sync_global_search for dcode13.com
2022-11-25 11:51:21,901 INFO scheduler Scheduled Job Start: frappe.integrations.doctype.razorpay_settings.razorpay_settings.capture_payment for dcode13.com
2022-11-25 11:51:22,811 INFO scheduler Scheduled Job Complete: frappe.integrations.doctype.razorpay_settings.razorpay_settings.capture_payment for dcode13.com
2022-11-25 11:51:22,888 INFO scheduler Scheduled Job Start: frappe.email.doctype.email_account.email_account.notify_unreplied for dcode13.com
2022-11-25 11:51:23,341 INFO scheduler Scheduled Job Complete: frappe.email.doctype.email_account.email_account.notify_unreplied for dcode13.com
2022-11-25 11:51:23,418 INFO scheduler Scheduled Job Start: frappe.email.doctype.email_account.email_account.pull for dcode13.com
2022-11-25 11:51:23,745 INFO scheduler Scheduled Job Complete: frappe.email.doctype.email_account.email_account.pull for dcode13.com
2022-11-25 11:51:23,820 INFO scheduler Scheduled Job Start: frappe.email.queue.flush for dcode13.com
2022-11-25 11:51:24,118 INFO scheduler Scheduled Job Complete: frappe.email.queue.flush for dcode13.com
2022-11-25 11:51:24,195 INFO scheduler Scheduled Job Start: frappe.twofactor.delete_all_barcodes_for_users for dcode13.com
2022-11-25 11:51:24,567 INFO scheduler Scheduled Job Complete: frappe.twofactor.delete_all_barcodes_for_users for dcode13.com
2022-11-25 11:51:24,667 INFO scheduler Scheduled Job Start: frappe.website.doctype.web_page.web_page.check_publish_status for dcode13.com
2022-11-25 11:51:25,168 INFO scheduler Scheduled Job Complete: frappe.website.doctype.web_page.web_page.check_publish_status for dcode13.com
2022-11-25 11:51:25,257 INFO scheduler Scheduled Job Start: frappe.oauth.delete_oauth2_data for dcode13.com
2022-11-25 11:51:25,725 INFO scheduler Scheduled Job Complete: frappe.oauth.delete_oauth2_data for dcode13.com
2022-11-25 11:52:17,458 INFO scheduler Scheduled Job Start: erpnext.crm.doctype.social_media_post.social_media_post.process_scheduled_social_media_posts for dcode13.com
2022-11-25 11:52:17,525 DEBUG scheduler Queued events for site dcode13.com
2022-11-25 11:52:17,758 INFO scheduler Scheduled Job Complete: erpnext.crm.doctype.social_media_post.social_media_post.process_scheduled_social_media_posts for dcode13.com
2022-11-25 11:52:17,833 INFO scheduler Scheduled Job Start: erpnext.hr.doctype.interview.interview.send_interview_reminder for dcode13.com
2022-11-25 11:52:18,087 INFO scheduler Scheduled Job Complete: erpnext.hr.doctype.interview.interview.send_interview_reminder for dcode13.com
2022-11-25 11:52:18,163 INFO scheduler Scheduled Job Start: erpnext.healthcare.doctype.patient_appointment.patient_appointment.send_appointment_reminder for dcode13.com
2022-11-25 11:52:18,444 INFO scheduler Scheduled Job Complete: erpnext.healthcare.doctype.patient_appointment.patient_appointment.send_appointment_reminder for dcode13.com
2022-11-25 11:52:18,519 INFO scheduler Scheduled Job Start: erpnext.projects.doctype.project.project.project_status_update_reminder for dcode13.com
2022-11-25 11:52:18,885 INFO scheduler Scheduled Job Complete: erpnext.projects.doctype.project.project.project_status_update_reminder for dcode13.com
2022-11-25 11:52:18,961 INFO scheduler Scheduled Job Start: frappe.monitor.flush for dcode13.com
2022-11-25 11:52:19,190 INFO scheduler Scheduled Job Complete: frappe.monitor.flush for dcode13.com
2022-11-25 11:52:19,280 INFO scheduler Scheduled Job Start: frappe.utils.global_search.sync_global_search for dcode13.com
2022-11-25 11:52:19,467 INFO scheduler Scheduled Job Complete: frappe.utils.global_search.sync_global_search for dcode13.com
2022-11-25 11:52:19,547 INFO scheduler Scheduled Job Start: frappe.integrations.doctype.razorpay_settings.razorpay_settings.capture_payment for dcode13.com
2022-11-25 11:52:19,875 INFO scheduler Scheduled Job Complete: frappe.integrations.doctype.razorpay_settings.razorpay_settings.capture_payment for dcode13.com
2022-11-25 11:52:19,953 INFO scheduler Scheduled Job Start: frappe.email.doctype.email_account.email_account.notify_unreplied for dcode13.com
2022-11-25 11:52:20,269 INFO scheduler Scheduled Job Complete: frappe.email.doctype.email_account.email_account.notify_unreplied for dcode13.com
2022-11-25 11:52:20,345 INFO scheduler Scheduled Job Start: frappe.email.doctype.email_account.email_account.pull for dcode13.com
2022-11-25 11:52:20,666 INFO scheduler Scheduled Job Complete: frappe.email.doctype.email_account.email_account.pull for dcode13.com
2022-11-25 11:52:20,743 INFO scheduler Scheduled Job Start: frappe.email.queue.flush for dcode13.com
2022-11-25 11:52:20,959 INFO scheduler Scheduled Job Complete: frappe.email.queue.flush for dcode13.com
2022-11-25 12:19:43,215 DEBUG scheduler Queued events for site dcode13.com
2022-11-25 12:19:43,260 INFO scheduler Scheduled Job Start: erpnext.erpnext_integrations.connectors.shopify_connection.sync_old_orders for dcode13.com
2022-11-25 12:19:43,265 INFO scheduler Scheduled Job Start: erpnext.hr.doctype.shift_type.shift_type.process_auto_attendance_for_all_shifts for dcode13.com
2022-11-25 12:19:47,573 INFO scheduler Scheduled Job Complete: erpnext.hr.doctype.shift_type.shift_type.process_auto_attendance_for_all_shifts for dcode13.com
2022-11-25 12:19:54,554 INFO scheduler Scheduled Job Complete: erpnext.erpnext_integrations.connectors.shopify_connection.sync_old_orders for dcode13.com
2022-11-25 12:19:57,122 INFO scheduler Scheduled Job Start: erpnext.stock.doctype.repost_item_valuation.repost_item_valuation.repost_entries for dcode13.com
2022-11-25 12:20:02,532 INFO scheduler Scheduled Job Complete: erpnext.stock.doctype.repost_item_valuation.repost_item_valuation.repost_entries for dcode13.com
2022-11-25 12:20:02,751 INFO scheduler Scheduled Job Start: erpnext.accounts.doctype.subscription.subscription.process_all for dcode13.com
2022-11-25 12:20:03,787 INFO scheduler Scheduled Job Start: erpnext.support.doctype.issue.issue.set_service_level_agreement_variance for dcode13.com
2022-11-25 12:20:03,894 INFO scheduler Scheduled Job Complete: erpnext.accounts.doctype.subscription.subscription.process_all for dcode13.com
